<?xml version="1.0" encoding="UTF-8"?>
<!-- Generated by org.testng.reporters.JUnitXMLReporter -->
<testsuite ignored="0" hostname="ennymax" failures="0" tests="2" name="Get Daily Bot Session Count" time="11.466" errors="0" timestamp="2022-01-17T11:28:50 WAT">
  <testcase classname="Report.GetDailyBotSessionCount" name="GetDailyBotSessionCount_401" time="1.204"/>
  <testcase classname="Report.GetDailyBotSessionCount" name="GetDailyBotSessionCount_200" time="9.126"/>
</testsuite> <!-- Get Daily Bot Session Count -->
