<?xml version="1.0" encoding="UTF-8"?>
<!-- Generated by org.testng.reporters.JUnitXMLReporter -->
<testsuite ignored="0" hostname="ennymax" failures="0" tests="2" name="Get Support Message Count" time="6.006" errors="0" timestamp="2022-01-17T11:32:25 WAT">
  <testcase classname="Report.GetSupportMessageCount" name="GetSupportMessageCount_401" time="1.17"/>
  <testcase classname="Report.GetSupportMessageCount" name="GetSupportMessageCount_200" time="3.763"/>
</testsuite> <!-- Get Support Message Count -->
