<?xml version="1.0" encoding="UTF-8"?>
<!-- Generated by org.testng.reporters.JUnitXMLReporter -->
<testsuite ignored="0" hostname="ennymax" failures="0" tests="2" name="Get Hourly Session Count" time="7.423" errors="0" timestamp="2022-01-17T11:30:29 WAT">
  <testcase classname="Report.GetHourlySessionCount" name="GetHourlySessionCount_401" time="1.265"/>
  <testcase classname="Report.GetHourlySessionCount" name="GetHourlySessionCount_200" time="5.05"/>
</testsuite> <!-- Get Hourly Session Count -->
