<?xml version="1.0" encoding="UTF-8"?>
<!-- Generated by org.testng.reporters.JUnitXMLReporter -->
<testsuite ignored="0" hostname="ennymax" failures="0" tests="3" name="Get Stake Holder User list" time="10.453" errors="0" timestamp="2022-01-17T11:33:03 WAT">
  <testcase classname="User.GetStakeHolderUserList" name="GetStakeHolderUserList_200" time="3.671"/>
  <testcase classname="User.GetStakeHolderUserList" name="GetStakeHolderUserList_401" time="1.407"/>
  <testcase classname="User.GetStakeHolderUserList" name="GetStakeHolderUserList_404" time="3.724"/>
</testsuite> <!-- Get Stake Holder User list -->
