<?xml version="1.0" encoding="UTF-8"?>
<!-- Generated by org.testng.reporters.JUnitXMLReporter -->
<testsuite ignored="0" hostname="ennymax" failures="0" tests="2" name="Get Service Message Count" time="6.277" errors="0" timestamp="2022-01-17T11:31:38 WAT">
  <testcase classname="Report.GetServiceMessengerCount" name="GetServiceMessengerCount_401" time="1.269"/>
  <testcase classname="Report.GetServiceMessengerCount" name="GetServiceMessengerCount_200" time="3.89"/>
</testsuite> <!-- Get Service Message Count -->
