<?xml version="1.0" encoding="UTF-8"?>
<!-- Generated by org.testng.reporters.JUnitXMLReporter -->
<testsuite ignored="0" hostname="ennymax" failures="0" tests="2" name="Get Daily Failed Bot Session" time="29.707" errors="0" timestamp="2022-01-17T11:29:46 WAT">
  <testcase classname="Report.GetDailyFailedBotSession" name="GetDailyFailedBotSession_401" time="1.226"/>
  <testcase classname="Report.GetDailyFailedBotSession" name="GetDailyFailedBotSession_200" time="27.375"/>
</testsuite> <!-- Get Daily Failed Bot Session -->
