<?xml version="1.0" encoding="UTF-8"?>
<!-- Generated by org.testng.reporters.JUnitXMLReporter -->
<testsuite ignored="0" hostname="ennymax" failures="0" tests="2" name="Get Message Count Sender" time="6.248" errors="0" timestamp="2022-01-17T11:30:42 WAT">
  <testcase classname="Report.GetMessageCountSender" name="GetMessageCountSender_401" time="1.255"/>
  <testcase classname="Report.GetMessageCountSender" name="GetMessageCountSender_200" time="3.84"/>
</testsuite> <!-- Get Message Count Sender -->
