<?xml version="1.0" encoding="UTF-8"?>
<!-- Generated by org.testng.reporters.JUnitXMLReporter -->
<testsuite ignored="0" hostname="ennymax" failures="0" tests="2" name="Get New Customer Report" time="6.062" errors="0" timestamp="2022-01-17T11:30:54 WAT">
  <testcase classname="Report.GetNewCustomerReport" name="GetNewCustomerReport_401" time="1.227"/>
  <testcase classname="Report.GetNewCustomerReport" name="GetNewCustomerReport_200" time="3.736"/>
</testsuite> <!-- Get New Customer Report -->
