<?xml version="1.0" encoding="UTF-8"?>
<!-- Generated by org.testng.reporters.JUnitXMLReporter -->
<testsuite ignored="0" hostname="ennymax" failures="0" tests="2" name="Get Customer Interaction Report" time="7.572" errors="0" timestamp="2022-01-17T11:28:39 WAT">
  <testcase classname="Report.GetCustomerInteractionReport" name="GetCustomerInteractionReport_401" time="1.262"/>
  <testcase classname="Report.GetCustomerInteractionReport" name="GetCustomerInteractionReport_200" time="5.176"/>
</testsuite> <!-- Get Customer Interaction Report -->
