<?xml version="1.0" encoding="UTF-8"?>
<!-- Generated by org.testng.reporters.JUnitXMLReporter -->
<testsuite ignored="0" hostname="ennymax" failures="0" tests="2" name="Get Daily Chart Session" time="26.559" errors="0" timestamp="2022-01-17T11:29:17 WAT">
  <testcase classname="Report.GetDailyChartSession" name="GetDailyChartSession_401" time="1.194"/>
  <testcase classname="Report.GetDailyChartSession" name="GetDailyChartSession_200" time="24.288"/>
</testsuite> <!-- Get Daily Chart Session -->
