<?xml version="1.0" encoding="UTF-8"?>
<!-- Generated by org.testng.reporters.JUnitXMLReporter -->
<testsuite ignored="0" hostname="ennymax" failures="0" tests="2" name="Get All Notification Message Count" time="6.147" errors="0" timestamp="2022-01-17T11:27:45 WAT">
  <testcase classname="Report.GetAllNotificationMessageCount" name="GetAllNotificationMessageCount_401" time="1.259"/>
  <testcase classname="Report.GetAllNotificationMessageCount" name="GetAllNotificationMessageCount_200" time="3.813"/>
</testsuite> <!-- Get All Notification Message Count -->
