<?xml version="1.0" encoding="UTF-8"?>
<!-- Generated by org.testng.reporters.JUnitXMLReporter -->
<testsuite ignored="0" hostname="ennymax" failures="0" tests="2" name="Get Average Rating Count" time="6.124" errors="0" timestamp="2022-01-17T11:28:12 WAT">
  <testcase classname="Report.GetAverageRatingCount" name="GetAverageRatingCount_401" time="1.262"/>
  <testcase classname="Report.GetAverageRatingCount" name="GetAverageRatingCount_200" time="3.75"/>
</testsuite> <!-- Get Average Rating Count -->
