<?xml version="1.0" encoding="UTF-8"?>
<!-- Generated by org.testng.reporters.JUnitXMLReporter -->
<testsuite ignored="0" hostname="ennymax" failures="0" tests="2" name="Get Stakeholder Roles for Selection" time="5.986" errors="0" timestamp="2022-01-17T11:27:26 WAT">
  <testcase classname="Role.GetStakeHolderRoleForSelection" name="GetDashboards401" time="1.257"/>
  <testcase classname="Role.GetStakeHolderRoleForSelection" name="GetAllSel200" time="3.602"/>
</testsuite> <!-- Get Stakeholder Roles for Selection -->
