<?xml version="1.0" encoding="UTF-8"?>
<testng-results retried="7" ignored="0" total="141" passed="127" failed="7" skipped="0">
  <reporter-output>
  </reporter-output>
  <suite started-at="2022-01-17T11:24:38 WAT" name="Ebanqo Main BackEnd" finished-at="2022-01-17T11:34:16 WAT" duration-ms="577809">
    <groups>
    </groups>
    <test started-at="2022-01-17T11:24:38 WAT" name="Get Category List" finished-at="2022-01-17T11:24:55 WAT" duration-ms="16811">
      <class name="StakeHolder.GetCategoryList">
        <test-method is-config="true" signature="Waiter()[pri:0, instance:StakeHolder.GetCategoryList@58594a11]" started-at="2022-01-17T11:24:38 WAT" name="Waiter" finished-at="2022-01-17T11:24:39 WAT" duration-ms="521" status="PASS">
          <reporter-output>
          </reporter-output>
        </test-method> <!-- Waiter -->
        <test-method is-config="true" signature="setUpConfiguration()[pri:0, instance:StakeHolder.GetCategoryList@58594a11]" started-at="2022-01-17T11:24:39 WAT" name="setUpConfiguration" finished-at="2022-01-17T11:24:40 WAT" duration-ms="639" status="PASS">
          <reporter-output>
          </reporter-output>
        </test-method> <!-- setUpConfiguration -->
        <test-method signature="GetCategoryList_401()[pri:1, instance:StakeHolder.GetCategoryList@58594a11]" started-at="2022-01-17T11:24:40 WAT" name="GetCategoryList_401" finished-at="2022-01-17T11:24:45 WAT" duration-ms="5345" status="PASS">
          <reporter-output>
          </reporter-output>
        </test-method> <!-- GetCategoryList_401 -->
        <test-method is-config="true" signature="Waiter()[pri:0, instance:StakeHolder.GetCategoryList@58594a11]" started-at="2022-01-17T11:24:45 WAT" name="Waiter" finished-at="2022-01-17T11:24:45 WAT" duration-ms="503" status="PASS">
          <reporter-output>
          </reporter-output>
        </test-method> <!-- Waiter -->
        <test-method is-config="true" signature="setUpConfiguration()[pri:0, instance:StakeHolder.GetCategoryList@58594a11]" started-at="2022-01-17T11:24:45 WAT" name="setUpConfiguration" finished-at="2022-01-17T11:24:45 WAT" duration-ms="3" status="PASS">
          <reporter-output>
          </reporter-output>
        </test-method> <!-- setUpConfiguration -->
        <test-method signature="GetCategoryList_200()[pri:2, instance:StakeHolder.GetCategoryList@58594a11]" started-at="2022-01-17T11:24:45 WAT" name="GetCategoryList_200" finished-at="2022-01-17T11:24:55 WAT" duration-ms="9617" status="PASS">
          <reporter-output>
          </reporter-output>
        </test-method> <!-- GetCategoryList_200 -->
      </class> <!-- StakeHolder.GetCategoryList -->
    </test> <!-- Get Category List -->
    <test started-at="2022-01-17T11:24:55 WAT" name="Delete Role" finished-at="2022-01-17T11:25:03 WAT" duration-ms="7712">
      <class name="Role.DeleteRole">
        <test-method is-config="true" signature="Waiter()[pri:0, instance:Role.DeleteRole@3b8f0a79]" started-at="2022-01-17T11:24:55 WAT" name="Waiter" finished-at="2022-01-17T11:24:56 WAT" duration-ms="514" status="PASS">
          <reporter-output>
          </reporter-output>
        </test-method> <!-- Waiter -->
        <test-method is-config="true" signature="setUpConfiguration()[pri:0, instance:Role.DeleteRole@3b8f0a79]" started-at="2022-01-17T11:24:56 WAT" name="setUpConfiguration" finished-at="2022-01-17T11:24:56 WAT" duration-ms="2" status="PASS">
          <reporter-output>
          </reporter-output>
        </test-method> <!-- setUpConfiguration -->
        <test-method signature="DeleteRole_401()[pri:2, instance:Role.DeleteRole@3b8f0a79]" started-at="2022-01-17T11:24:56 WAT" name="DeleteRole_401" finished-at="2022-01-17T11:24:57 WAT" duration-ms="1344" status="PASS">
          <reporter-output>
          </reporter-output>
        </test-method> <!-- DeleteRole_401 -->
        <test-method is-config="true" signature="Waiter()[pri:0, instance:Role.DeleteRole@3b8f0a79]" started-at="2022-01-17T11:24:57 WAT" name="Waiter" finished-at="2022-01-17T11:24:58 WAT" duration-ms="508" status="PASS">
          <reporter-output>
          </reporter-output>
        </test-method> <!-- Waiter -->
        <test-method is-config="true" signature="setUpConfiguration()[pri:0, instance:Role.DeleteRole@3b8f0a79]" started-at="2022-01-17T11:24:58 WAT" name="setUpConfiguration" finished-at="2022-01-17T11:24:58 WAT" duration-ms="2" status="PASS">
          <reporter-output>
          </reporter-output>
        </test-method> <!-- setUpConfiguration -->
        <test-method signature="DeleteRole_404()[pri:3, instance:Role.DeleteRole@3b8f0a79]" started-at="2022-01-17T11:24:58 WAT" name="DeleteRole_404" finished-at="2022-01-17T11:25:03 WAT" duration-ms="5282" status="PASS">
          <reporter-output>
          </reporter-output>
        </test-method> <!-- DeleteRole_404 -->
      </class> <!-- Role.DeleteRole -->
    </test> <!-- Delete Role -->
    <test started-at="2022-01-17T11:25:03 WAT" name="Get DropDown List" finished-at="2022-01-17T11:25:09 WAT" duration-ms="6154">
      <class name="StakeHolder.GetDropDownList">
        <test-method is-config="true" signature="Waiter()[pri:0, instance:StakeHolder.GetDropDownList@44c73c26]" started-at="2022-01-17T11:25:03 WAT" name="Waiter" finished-at="2022-01-17T11:25:04 WAT" duration-ms="505" status="PASS">
          <reporter-output>
          </reporter-output>
        </test-method> <!-- Waiter -->
        <test-method is-config="true" signature="setUpConfiguration()[pri:0, instance:StakeHolder.GetDropDownList@44c73c26]" started-at="2022-01-17T11:25:04 WAT" name="setUpConfiguration" finished-at="2022-01-17T11:25:04 WAT" duration-ms="2" status="PASS">
          <reporter-output>
          </reporter-output>
        </test-method> <!-- setUpConfiguration -->
        <test-method signature="GetDropDownList_401()[pri:1, instance:StakeHolder.GetDropDownList@44c73c26]" started-at="2022-01-17T11:25:04 WAT" name="GetDropDownList_401" finished-at="2022-01-17T11:25:05 WAT" duration-ms="1251" status="PASS">
          <reporter-output>
          </reporter-output>
        </test-method> <!-- GetDropDownList_401 -->
        <test-method is-config="true" signature="Waiter()[pri:0, instance:StakeHolder.GetDropDownList@44c73c26]" started-at="2022-01-17T11:25:05 WAT" name="Waiter" finished-at="2022-01-17T11:25:05 WAT" duration-ms="514" status="PASS">
          <reporter-output>
          </reporter-output>
        </test-method> <!-- Waiter -->
        <test-method is-config="true" signature="setUpConfiguration()[pri:0, instance:StakeHolder.GetDropDownList@44c73c26]" started-at="2022-01-17T11:25:05 WAT" name="setUpConfiguration" finished-at="2022-01-17T11:25:05 WAT" duration-ms="3" status="PASS">
          <reporter-output>
          </reporter-output>
        </test-method> <!-- setUpConfiguration -->
        <test-method signature="GetDropDownList_200()[pri:2, instance:StakeHolder.GetDropDownList@44c73c26]" started-at="2022-01-17T11:25:05 WAT" name="GetDropDownList_200" finished-at="2022-01-17T11:25:09 WAT" duration-ms="3820" status="PASS">
          <reporter-output>
          </reporter-output>
        </test-method> <!-- GetDropDownList_200 -->
      </class> <!-- StakeHolder.GetDropDownList -->
    </test> <!-- Get DropDown List -->
    <test started-at="2022-01-17T11:25:09 WAT" name="Get Sample List" finished-at="2022-01-17T11:25:17 WAT" duration-ms="7155">
      <class name="StakeHolder.GetSampleList">
        <test-method is-config="true" signature="Waiter()[pri:0, instance:StakeHolder.GetSampleList@3561c410]" started-at="2022-01-17T11:25:09 WAT" name="Waiter" finished-at="2022-01-17T11:25:10 WAT" duration-ms="513" status="PASS">
          <reporter-output>
          </reporter-output>
        </test-method> <!-- Waiter -->
        <test-method is-config="true" signature="setUpConfiguration()[pri:0, instance:StakeHolder.GetSampleList@3561c410]" started-at="2022-01-17T11:25:10 WAT" name="setUpConfiguration" finished-at="2022-01-17T11:25:10 WAT" duration-ms="1" status="PASS">
          <reporter-output>
          </reporter-output>
        </test-method> <!-- setUpConfiguration -->
        <test-method signature="GetSampleList_401()[pri:1, instance:StakeHolder.GetSampleList@3561c410]" started-at="2022-01-17T11:25:10 WAT" name="GetSampleList_401" finished-at="2022-01-17T11:25:12 WAT" duration-ms="2237" status="PASS">
          <reporter-output>
          </reporter-output>
        </test-method> <!-- GetSampleList_401 -->
        <test-method is-config="true" signature="Waiter()[pri:0, instance:StakeHolder.GetSampleList@3561c410]" started-at="2022-01-17T11:25:12 WAT" name="Waiter" finished-at="2022-01-17T11:25:13 WAT" duration-ms="509" status="PASS">
          <reporter-output>
          </reporter-output>
        </test-method> <!-- Waiter -->
        <test-method is-config="true" signature="setUpConfiguration()[pri:0, instance:StakeHolder.GetSampleList@3561c410]" started-at="2022-01-17T11:25:13 WAT" name="setUpConfiguration" finished-at="2022-01-17T11:25:13 WAT" duration-ms="1" status="PASS">
          <reporter-output>
          </reporter-output>
        </test-method> <!-- setUpConfiguration -->
        <test-method signature="GetSampleList_200()[pri:2, instance:StakeHolder.GetSampleList@3561c410]" started-at="2022-01-17T11:25:13 WAT" name="GetSampleList_200" finished-at="2022-01-17T11:25:17 WAT" duration-ms="3827" status="PASS">
          <reporter-output>
          </reporter-output>
        </test-method> <!-- GetSampleList_200 -->
      </class> <!-- StakeHolder.GetSampleList -->
    </test> <!-- Get Sample List -->
    <test started-at="2022-01-17T11:25:17 WAT" name="Get Stake Holder" finished-at="2022-01-17T11:25:23 WAT" duration-ms="6304">
      <class name="StakeHolder.GetStake_Holder">
        <test-method is-config="true" signature="Waiter()[pri:0, instance:StakeHolder.GetStake_Holder@3d246ea3]" started-at="2022-01-17T11:25:17 WAT" name="Waiter" finished-at="2022-01-17T11:25:17 WAT" duration-ms="502" status="PASS">
          <reporter-output>
          </reporter-output>
        </test-method> <!-- Waiter -->
        <test-method is-config="true" signature="setUpConfiguration()[pri:0, instance:StakeHolder.GetStake_Holder@3d246ea3]" started-at="2022-01-17T11:25:17 WAT" name="setUpConfiguration" finished-at="2022-01-17T11:25:17 WAT" duration-ms="1" status="PASS">
          <reporter-output>
          </reporter-output>
        </test-method> <!-- setUpConfiguration -->
        <test-method signature="GetStakeHolder_401()[pri:1, instance:StakeHolder.GetStake_Holder@3d246ea3]" started-at="2022-01-17T11:25:17 WAT" name="GetStakeHolder_401" finished-at="2022-01-17T11:25:18 WAT" duration-ms="1240" status="PASS">
          <reporter-output>
          </reporter-output>
        </test-method> <!-- GetStakeHolder_401 -->
        <test-method is-config="true" signature="Waiter()[pri:0, instance:StakeHolder.GetStake_Holder@3d246ea3]" started-at="2022-01-17T11:25:18 WAT" name="Waiter" finished-at="2022-01-17T11:25:19 WAT" duration-ms="511" status="PASS">
          <reporter-output>
          </reporter-output>
        </test-method> <!-- Waiter -->
        <test-method is-config="true" signature="setUpConfiguration()[pri:0, instance:StakeHolder.GetStake_Holder@3d246ea3]" started-at="2022-01-17T11:25:19 WAT" name="setUpConfiguration" finished-at="2022-01-17T11:25:19 WAT" duration-ms="1" status="PASS">
          <reporter-output>
          </reporter-output>
        </test-method> <!-- setUpConfiguration -->
        <test-method signature="GetStakeHolder_200()[pri:2, instance:StakeHolder.GetStake_Holder@3d246ea3]" started-at="2022-01-17T11:25:19 WAT" name="GetStakeHolder_200" finished-at="2022-01-17T11:25:23 WAT" duration-ms="3965" status="PASS">
          <reporter-output>
          </reporter-output>
        </test-method> <!-- GetStakeHolder_200 -->
      </class> <!-- StakeHolder.GetStake_Holder -->
    </test> <!-- Get Stake Holder -->
    <test started-at="2022-01-17T11:25:23 WAT" name="UpdateStake Holder" finished-at="2022-01-17T11:25:30 WAT" duration-ms="6666">
      <class name="StakeHolder.UpdateStakeHolder">
        <test-method is-config="true" signature="Waiter()[pri:0, instance:StakeHolder.UpdateStakeHolder@71329995]" started-at="2022-01-17T11:25:23 WAT" name="Waiter" finished-at="2022-01-17T11:25:24 WAT" duration-ms="504" status="PASS">
          <reporter-output>
          </reporter-output>
        </test-method> <!-- Waiter -->
        <test-method is-config="true" signature="setUpConfiguration()[pri:0, instance:StakeHolder.UpdateStakeHolder@71329995]" started-at="2022-01-17T11:25:24 WAT" name="setUpConfiguration" finished-at="2022-01-17T11:25:24 WAT" duration-ms="1" status="PASS">
          <reporter-output>
          </reporter-output>
        </test-method> <!-- setUpConfiguration -->
        <test-method signature="UpdateStakeHolder_400()[pri:0, instance:StakeHolder.UpdateStakeHolder@71329995]" started-at="2022-01-17T11:25:24 WAT" name="UpdateStakeHolder_400" finished-at="2022-01-17T11:25:28 WAT" duration-ms="4208" status="PASS">
          <reporter-output>
          </reporter-output>
        </test-method> <!-- UpdateStakeHolder_400 -->
        <test-method is-config="true" signature="Waiter()[pri:0, instance:StakeHolder.UpdateStakeHolder@71329995]" started-at="2022-01-17T11:25:28 WAT" name="Waiter" finished-at="2022-01-17T11:25:28 WAT" duration-ms="512" status="PASS">
          <reporter-output>
          </reporter-output>
        </test-method> <!-- Waiter -->
        <test-method is-config="true" signature="setUpConfiguration()[pri:0, instance:StakeHolder.UpdateStakeHolder@71329995]" started-at="2022-01-17T11:25:28 WAT" name="setUpConfiguration" finished-at="2022-01-17T11:25:28 WAT" duration-ms="1" status="PASS">
          <reporter-output>
          </reporter-output>
        </test-method> <!-- setUpConfiguration -->
        <test-method signature="UpdateStakeHolder_401()[pri:0, instance:StakeHolder.UpdateStakeHolder@71329995]" started-at="2022-01-17T11:25:28 WAT" name="UpdateStakeHolder_401" finished-at="2022-01-17T11:25:30 WAT" duration-ms="1373" status="PASS">
          <reporter-output>
          </reporter-output>
        </test-method> <!-- UpdateStakeHolder_401 -->
      </class> <!-- StakeHolder.UpdateStakeHolder -->
    </test> <!-- UpdateStake Holder -->
    <test started-at="2022-01-17T11:25:30 WAT" name="Admin Collection" finished-at="2022-01-17T11:25:36 WAT" duration-ms="6039">
      <class name="Admin.Admin">
        <test-method is-config="true" signature="Waiter()[pri:0, instance:Admin.Admin@1ab06251]" started-at="2022-01-17T11:25:30 WAT" name="Waiter" finished-at="2022-01-17T11:25:30 WAT" duration-ms="507" status="PASS">
          <reporter-output>
          </reporter-output>
        </test-method> <!-- Waiter -->
        <test-method is-config="true" signature="setUpConfiguration()[pri:0, instance:Admin.Admin@1ab06251]" started-at="2022-01-17T11:25:30 WAT" name="setUpConfiguration" finished-at="2022-01-17T11:25:30 WAT" duration-ms="0" status="PASS">
          <reporter-output>
          </reporter-output>
        </test-method> <!-- setUpConfiguration -->
        <test-method signature="Admin_401()[pri:1, instance:Admin.Admin@1ab06251]" started-at="2022-01-17T11:25:30 WAT" name="Admin_401" finished-at="2022-01-17T11:25:32 WAT" duration-ms="1232" status="PASS">
          <reporter-output>
          </reporter-output>
        </test-method> <!-- Admin_401 -->
        <test-method is-config="true" signature="Waiter()[pri:0, instance:Admin.Admin@1ab06251]" started-at="2022-01-17T11:25:32 WAT" name="Waiter" finished-at="2022-01-17T11:25:32 WAT" duration-ms="509" status="PASS">
          <reporter-output>
          </reporter-output>
        </test-method> <!-- Waiter -->
        <test-method is-config="true" signature="setUpConfiguration()[pri:0, instance:Admin.Admin@1ab06251]" started-at="2022-01-17T11:25:32 WAT" name="setUpConfiguration" finished-at="2022-01-17T11:25:32 WAT" duration-ms="1" status="PASS">
          <reporter-output>
          </reporter-output>
        </test-method> <!-- setUpConfiguration -->
        <test-method signature="Admin_200()[pri:2, instance:Admin.Admin@1ab06251]" started-at="2022-01-17T11:25:32 WAT" name="Admin_200" finished-at="2022-01-17T11:25:36 WAT" duration-ms="3717" status="PASS">
          <reporter-output>
          </reporter-output>
        </test-method> <!-- Admin_200 -->
      </class> <!-- Admin.Admin -->
    </test> <!-- Admin Collection -->
    <test started-at="2022-01-17T11:25:36 WAT" name="SendMail" finished-at="2022-01-17T11:25:50 WAT" duration-ms="14164">
      <class name="BE.Sendmail">
        <test-method is-config="true" signature="Waiter()[pri:0, instance:BE.Sendmail@37e4d7bb]" started-at="2022-01-17T11:25:36 WAT" name="Waiter" finished-at="2022-01-17T11:25:36 WAT" duration-ms="503" status="PASS">
          <reporter-output>
          </reporter-output>
        </test-method> <!-- Waiter -->
        <test-method is-config="true" signature="setUpConfiguration()[pri:0, instance:BE.Sendmail@37e4d7bb]" started-at="2022-01-17T11:25:36 WAT" name="setUpConfiguration" finished-at="2022-01-17T11:25:36 WAT" duration-ms="0" status="PASS">
          <reporter-output>
          </reporter-output>
        </test-method> <!-- setUpConfiguration -->
        <test-method retried="true" signature="SendMail_200()[pri:1, instance:BE.Sendmail@37e4d7bb]" started-at="2022-01-17T11:25:36 WAT" name="SendMail_200" finished-at="2022-01-17T11:25:38 WAT" duration-ms="1162" status="SKIP">
          <exception class="java.lang.IllegalArgumentException">
            <message>
              <![CDATA[baseURI cannot be null]]>
            </message>
            <full-stacktrace>
              <![CDATA[java.lang.IllegalArgumentException: baseURI cannot be null
at java.base/jdk.internal.reflect.NativeConstructorAccessorImpl.newInstance0(Native Method)
at java.base/jdk.internal.reflect.NativeConstructorAccessorImpl.newInstance(NativeConstructorAccessorImpl.java:77)
at java.base/jdk.internal.reflect.DelegatingConstructorAccessorImpl.newInstance(DelegatingConstructorAccessorImpl.java:45)
at java.base/java.lang.reflect.Constructor.newInstanceWithCaller(Constructor.java:499)
at java.base/java.lang.reflect.Constructor.newInstance(Constructor.java:480)
at org.codehaus.groovy.reflection.CachedConstructor.invoke(CachedConstructor.java:72)
at org.codehaus.groovy.reflection.CachedConstructor.doConstructorInvoke(CachedConstructor.java:59)
at org.codehaus.groovy.runtime.callsite.ConstructorSite$ConstructorSiteNoUnwrap.callConstructor(ConstructorSite.java:84)
at org.codehaus.groovy.runtime.callsite.CallSiteArray.defaultCallConstructor(CallSiteArray.java:59)
at org.codehaus.groovy.runtime.callsite.AbstractCallSite.callConstructor(AbstractCallSite.java:263)
at org.codehaus.groovy.runtime.callsite.AbstractCallSite.callConstructor(AbstractCallSite.java:277)
at io.restassured.internal.common.assertion.AssertParameter.notNull(AssertParameter.groovy:26)
at io.restassured.internal.common.assertion.AssertParameter$notNull.callStatic(Unknown Source)
at org.codehaus.groovy.runtime.callsite.CallSiteArray.defaultCallStatic(CallSiteArray.java:55)
at io.restassured.internal.common.assertion.AssertParameter$notNull.callStatic(Unknown Source)
at io.restassured.internal.RequestSpecificationImpl.<init>(RequestSpecificationImpl.groovy:137)
at io.restassured.RestAssured.createTestSpecification(RestAssured.java:1452)
at io.restassured.RestAssured.given(RestAssured.java:653)
at utility.RestCalls.POST_200(RestCalls.java:52)
at BE.Sendmail.SendMail_200(Sendmail.java:36)
at java.base/jdk.internal.reflect.NativeMethodAccessorImpl.invoke0(Native Method)
at java.base/jdk.internal.reflect.NativeMethodAccessorImpl.invoke(NativeMethodAccessorImpl.java:77)
at java.base/jdk.internal.reflect.DelegatingMethodAccessorImpl.invoke(DelegatingMethodAccessorImpl.java:43)
at java.base/java.lang.reflect.Method.invoke(Method.java:568)
at org.testng.internal.MethodInvocationHelper.invokeMethod(MethodInvocationHelper.java:133)
at org.testng.internal.TestInvoker.invokeMethod(TestInvoker.java:598)
at org.testng.internal.TestInvoker.invokeTestMethod(TestInvoker.java:173)
at org.testng.internal.MethodRunner.runInSequence(MethodRunner.java:46)
at org.testng.internal.TestInvoker$MethodInvocationAgent.invoke(TestInvoker.java:824)
at org.testng.internal.TestInvoker.invokeTestMethods(TestInvoker.java:146)
at org.testng.internal.TestMethodWorker.invokeTestMethods(TestMethodWorker.java:146)
at org.testng.internal.TestMethodWorker.run(TestMethodWorker.java:128)
at java.base/java.util.ArrayList.forEach(ArrayList.java:1511)
at org.testng.TestRunner.privateRun(TestRunner.java:794)
at org.testng.TestRunner.run(TestRunner.java:596)
at org.testng.SuiteRunner.runTest(SuiteRunner.java:377)
at org.testng.SuiteRunner.runSequentially(SuiteRunner.java:371)
at org.testng.SuiteRunner.privateRun(SuiteRunner.java:332)
at org.testng.SuiteRunner.run(SuiteRunner.java:276)
at org.testng.SuiteRunnerWorker.runSuite(SuiteRunnerWorker.java:53)
at org.testng.SuiteRunnerWorker.run(SuiteRunnerWorker.java:96)
at org.testng.TestNG.runSuitesSequentially(TestNG.java:1212)
at org.testng.TestNG.runSuitesLocally(TestNG.java:1134)
at org.testng.TestNG.runSuites(TestNG.java:1063)
at org.testng.TestNG.run(TestNG.java:1031)
at org.apache.maven.surefire.testng.TestNGExecutor.run(TestNGExecutor.java:281)
at org.apache.maven.surefire.testng.TestNGXmlTestSuite.execute(TestNGXmlTestSuite.java:75)
at org.apache.maven.surefire.testng.TestNGProvider.invoke(TestNGProvider.java:121)
at org.apache.maven.surefire.booter.ForkedBooter.invokeProviderInSameClassLoader(ForkedBooter.java:290)
at org.apache.maven.surefire.booter.ForkedBooter.runSuitesInProcess(ForkedBooter.java:242)
at org.apache.maven.surefire.booter.ForkedBooter.main(ForkedBooter.java:121)
]]>
            </full-stacktrace>
          </exception> <!-- java.lang.IllegalArgumentException -->
          <reporter-output>
          </reporter-output>
        </test-method> <!-- SendMail_200 -->
        <test-method is-config="true" signature="Waiter()[pri:0, instance:BE.Sendmail@37e4d7bb]" started-at="2022-01-17T11:25:38 WAT" name="Waiter" finished-at="2022-01-17T11:25:38 WAT" duration-ms="510" status="PASS">
          <reporter-output>
          </reporter-output>
        </test-method> <!-- Waiter -->
        <test-method is-config="true" signature="setUpConfiguration()[pri:0, instance:BE.Sendmail@37e4d7bb]" started-at="2022-01-17T11:25:38 WAT" name="setUpConfiguration" finished-at="2022-01-17T11:25:38 WAT" duration-ms="1" status="PASS">
          <reporter-output>
          </reporter-output>
        </test-method> <!-- setUpConfiguration -->
        <test-method signature="SendMail_200()[pri:1, instance:BE.Sendmail@37e4d7bb]" started-at="2022-01-17T11:25:38 WAT" name="SendMail_200" finished-at="2022-01-17T11:25:39 WAT" duration-ms="926" status="FAIL">
          <exception class="java.lang.IllegalArgumentException">
            <message>
              <![CDATA[baseURI cannot be null]]>
            </message>
            <full-stacktrace>
              <![CDATA[java.lang.IllegalArgumentException: baseURI cannot be null
at java.base/jdk.internal.reflect.NativeConstructorAccessorImpl.newInstance0(Native Method)
at java.base/jdk.internal.reflect.NativeConstructorAccessorImpl.newInstance(NativeConstructorAccessorImpl.java:77)
at java.base/jdk.internal.reflect.DelegatingConstructorAccessorImpl.newInstance(DelegatingConstructorAccessorImpl.java:45)
at java.base/java.lang.reflect.Constructor.newInstanceWithCaller(Constructor.java:499)
at java.base/java.lang.reflect.Constructor.newInstance(Constructor.java:480)
at org.codehaus.groovy.reflection.CachedConstructor.invoke(CachedConstructor.java:72)
at org.codehaus.groovy.reflection.CachedConstructor.doConstructorInvoke(CachedConstructor.java:59)
at org.codehaus.groovy.runtime.callsite.ConstructorSite$ConstructorSiteNoUnwrap.callConstructor(ConstructorSite.java:84)
at org.codehaus.groovy.runtime.callsite.AbstractCallSite.callConstructor(AbstractCallSite.java:277)
at io.restassured.internal.common.assertion.AssertParameter.notNull(AssertParameter.groovy:26)
at io.restassured.internal.common.assertion.AssertParameter$notNull.callStatic(Unknown Source)
at org.codehaus.groovy.runtime.callsite.CallSiteArray.defaultCallStatic(CallSiteArray.java:55)
at io.restassured.internal.common.assertion.AssertParameter$notNull.callStatic(Unknown Source)
at io.restassured.internal.RequestSpecificationImpl.<init>(RequestSpecificationImpl.groovy:137)
at io.restassured.RestAssured.createTestSpecification(RestAssured.java:1452)
at io.restassured.RestAssured.given(RestAssured.java:653)
at utility.RestCalls.POST_200(RestCalls.java:52)
at BE.Sendmail.SendMail_200(Sendmail.java:36)
at java.base/jdk.internal.reflect.NativeMethodAccessorImpl.invoke0(Native Method)
at java.base/jdk.internal.reflect.NativeMethodAccessorImpl.invoke(NativeMethodAccessorImpl.java:77)
at java.base/jdk.internal.reflect.DelegatingMethodAccessorImpl.invoke(DelegatingMethodAccessorImpl.java:43)
at java.base/java.lang.reflect.Method.invoke(Method.java:568)
at org.testng.internal.MethodInvocationHelper.invokeMethod(MethodInvocationHelper.java:133)
at org.testng.internal.TestInvoker.invokeMethod(TestInvoker.java:598)
at org.testng.internal.TestInvoker.retryFailed(TestInvoker.java:213)
at org.testng.internal.MethodRunner.runInSequence(MethodRunner.java:58)
at org.testng.internal.TestInvoker$MethodInvocationAgent.invoke(TestInvoker.java:824)
at org.testng.internal.TestInvoker.invokeTestMethods(TestInvoker.java:146)
at org.testng.internal.TestMethodWorker.invokeTestMethods(TestMethodWorker.java:146)
at org.testng.internal.TestMethodWorker.run(TestMethodWorker.java:128)
at java.base/java.util.ArrayList.forEach(ArrayList.java:1511)
at org.testng.TestRunner.privateRun(TestRunner.java:794)
at org.testng.TestRunner.run(TestRunner.java:596)
at org.testng.SuiteRunner.runTest(SuiteRunner.java:377)
at org.testng.SuiteRunner.runSequentially(SuiteRunner.java:371)
at org.testng.SuiteRunner.privateRun(SuiteRunner.java:332)
at org.testng.SuiteRunner.run(SuiteRunner.java:276)
at org.testng.SuiteRunnerWorker.runSuite(SuiteRunnerWorker.java:53)
at org.testng.SuiteRunnerWorker.run(SuiteRunnerWorker.java:96)
at org.testng.TestNG.runSuitesSequentially(TestNG.java:1212)
at org.testng.TestNG.runSuitesLocally(TestNG.java:1134)
at org.testng.TestNG.runSuites(TestNG.java:1063)
at org.testng.TestNG.run(TestNG.java:1031)
at org.apache.maven.surefire.testng.TestNGExecutor.run(TestNGExecutor.java:281)
at org.apache.maven.surefire.testng.TestNGXmlTestSuite.execute(TestNGXmlTestSuite.java:75)
at org.apache.maven.surefire.testng.TestNGProvider.invoke(TestNGProvider.java:121)
at org.apache.maven.surefire.booter.ForkedBooter.invokeProviderInSameClassLoader(ForkedBooter.java:290)
at org.apache.maven.surefire.booter.ForkedBooter.runSuitesInProcess(ForkedBooter.java:242)
at org.apache.maven.surefire.booter.ForkedBooter.main(ForkedBooter.java:121)
]]>
            </full-stacktrace>
          </exception> <!-- java.lang.IllegalArgumentException -->
          <reporter-output>
          </reporter-output>
        </test-method> <!-- SendMail_200 -->
        <test-method is-config="true" signature="Waiter()[pri:0, instance:BE.Sendmail@37e4d7bb]" started-at="2022-01-17T11:25:39 WAT" name="Waiter" finished-at="2022-01-17T11:25:40 WAT" duration-ms="513" status="PASS">
          <reporter-output>
          </reporter-output>
        </test-method> <!-- Waiter -->
        <test-method is-config="true" signature="setUpConfiguration()[pri:0, instance:BE.Sendmail@37e4d7bb]" started-at="2022-01-17T11:25:40 WAT" name="setUpConfiguration" finished-at="2022-01-17T11:25:40 WAT" duration-ms="0" status="PASS">
          <reporter-output>
          </reporter-output>
        </test-method> <!-- setUpConfiguration -->
        <test-method signature="SendMail_wrong_Email()[pri:2, instance:BE.Sendmail@37e4d7bb]" started-at="2022-01-17T11:25:40 WAT" name="SendMail_wrong_Email" finished-at="2022-01-17T11:25:43 WAT" duration-ms="3592" status="PASS">
          <reporter-output>
          </reporter-output>
        </test-method> <!-- SendMail_wrong_Email -->
        <test-method is-config="true" signature="Waiter()[pri:0, instance:BE.Sendmail@37e4d7bb]" started-at="2022-01-17T11:25:43 WAT" name="Waiter" finished-at="2022-01-17T11:25:44 WAT" duration-ms="502" status="PASS">
          <reporter-output>
          </reporter-output>
        </test-method> <!-- Waiter -->
        <test-method is-config="true" signature="setUpConfiguration()[pri:0, instance:BE.Sendmail@37e4d7bb]" started-at="2022-01-17T11:25:44 WAT" name="setUpConfiguration" finished-at="2022-01-17T11:25:44 WAT" duration-ms="2" status="PASS">
          <reporter-output>
          </reporter-output>
        </test-method> <!-- setUpConfiguration -->
        <test-method signature="SendMail_Incomplete_Payload_400()[pri:3, instance:BE.Sendmail@37e4d7bb]" started-at="2022-01-17T11:25:44 WAT" name="SendMail_Incomplete_Payload_400" finished-at="2022-01-17T11:25:47 WAT" duration-ms="3682" status="PASS">
          <reporter-output>
          </reporter-output>
        </test-method> <!-- SendMail_Incomplete_Payload_400 -->
        <test-method is-config="true" signature="ClearMailBox()[pri:0, instance:BE.Sendmail@37e4d7bb]" started-at="2022-01-17T11:25:47 WAT" name="ClearMailBox" finished-at="2022-01-17T11:25:50 WAT" duration-ms="2554" status="FAIL">
          <exception class="org.opentest4j.AssertionFailedError">
            <message>
              <![CDATA[expected: <404> but was: <200>]]>
            </message>
            <full-stacktrace>
              <![CDATA[org.opentest4j.AssertionFailedError: expected: <404> but was: <200>
at org.junit.jupiter.api.AssertionUtils.fail(AssertionUtils.java:55)
at org.junit.jupiter.api.AssertionUtils.failNotEqual(AssertionUtils.java:62)
at org.junit.jupiter.api.AssertEquals.assertEquals(AssertEquals.java:150)
at org.junit.jupiter.api.AssertEquals.assertEquals(AssertEquals.java:145)
at org.junit.jupiter.api.Assertions.assertEquals(Assertions.java:527)
at utility.Luhn.MailSac.DeleteMailMessage(MailSac.java:80)
at BE.Sendmail.ClearMailBox(Sendmail.java:80)
at java.base/jdk.internal.reflect.NativeMethodAccessorImpl.invoke0(Native Method)
at java.base/jdk.internal.reflect.NativeMethodAccessorImpl.invoke(NativeMethodAccessorImpl.java:77)
at java.base/jdk.internal.reflect.DelegatingMethodAccessorImpl.invoke(DelegatingMethodAccessorImpl.java:43)
at java.base/java.lang.reflect.Method.invoke(Method.java:568)
at org.testng.internal.MethodInvocationHelper.invokeMethod(MethodInvocationHelper.java:133)
at org.testng.internal.MethodInvocationHelper.invokeMethodConsideringTimeout(MethodInvocationHelper.java:62)
at org.testng.internal.ConfigInvoker.invokeConfigurationMethod(ConfigInvoker.java:385)
at org.testng.internal.ConfigInvoker.invokeConfigurations(ConfigInvoker.java:321)
at org.testng.TestRunner.invokeTestConfigurations(TestRunner.java:637)
at org.testng.TestRunner.afterRun(TestRunner.java:877)
at org.testng.TestRunner.run(TestRunner.java:599)
at org.testng.SuiteRunner.runTest(SuiteRunner.java:377)
at org.testng.SuiteRunner.runSequentially(SuiteRunner.java:371)
at org.testng.SuiteRunner.privateRun(SuiteRunner.java:332)
at org.testng.SuiteRunner.run(SuiteRunner.java:276)
at org.testng.SuiteRunnerWorker.runSuite(SuiteRunnerWorker.java:53)
at org.testng.SuiteRunnerWorker.run(SuiteRunnerWorker.java:96)
at org.testng.TestNG.runSuitesSequentially(TestNG.java:1212)
at org.testng.TestNG.runSuitesLocally(TestNG.java:1134)
at org.testng.TestNG.runSuites(TestNG.java:1063)
at org.testng.TestNG.run(TestNG.java:1031)
at org.apache.maven.surefire.testng.TestNGExecutor.run(TestNGExecutor.java:281)
at org.apache.maven.surefire.testng.TestNGXmlTestSuite.execute(TestNGXmlTestSuite.java:75)
at org.apache.maven.surefire.testng.TestNGProvider.invoke(TestNGProvider.java:121)
at org.apache.maven.surefire.booter.ForkedBooter.invokeProviderInSameClassLoader(ForkedBooter.java:290)
at org.apache.maven.surefire.booter.ForkedBooter.runSuitesInProcess(ForkedBooter.java:242)
at org.apache.maven.surefire.booter.ForkedBooter.main(ForkedBooter.java:121)
]]>
            </full-stacktrace>
          </exception> <!-- org.opentest4j.AssertionFailedError -->
          <reporter-output>
          </reporter-output>
        </test-method> <!-- ClearMailBox -->
      </class> <!-- BE.Sendmail -->
    </test> <!-- SendMail -->
    <test started-at="2022-01-17T11:25:50 WAT" name="SendMail with Attachment" finished-at="2022-01-17T11:26:04 WAT" duration-ms="14085">
      <class name="BE.SendMailSingleWithAttachment64">
        <test-method is-config="true" signature="Waiter()[pri:0, instance:BE.SendMailSingleWithAttachment64@44d52de2]" started-at="2022-01-17T11:25:50 WAT" name="Waiter" finished-at="2022-01-17T11:25:51 WAT" duration-ms="501" status="PASS">
          <reporter-output>
          </reporter-output>
        </test-method> <!-- Waiter -->
        <test-method is-config="true" signature="setUpConfiguration()[pri:0, instance:BE.SendMailSingleWithAttachment64@44d52de2]" started-at="2022-01-17T11:25:51 WAT" name="setUpConfiguration" finished-at="2022-01-17T11:25:51 WAT" duration-ms="1" status="PASS">
          <reporter-output>
          </reporter-output>
        </test-method> <!-- setUpConfiguration -->
        <test-method retried="true" signature="SendMailSingleAttachment64_200()[pri:1, instance:BE.SendMailSingleWithAttachment64@44d52de2]" started-at="2022-01-17T11:25:51 WAT" name="SendMailSingleAttachment64_200" finished-at="2022-01-17T11:25:52 WAT" duration-ms="947" status="SKIP">
          <exception class="java.lang.IllegalArgumentException">
            <message>
              <![CDATA[baseURI cannot be null]]>
            </message>
            <full-stacktrace>
              <![CDATA[java.lang.IllegalArgumentException: baseURI cannot be null
at java.base/jdk.internal.reflect.NativeConstructorAccessorImpl.newInstance0(Native Method)
at java.base/jdk.internal.reflect.NativeConstructorAccessorImpl.newInstance(NativeConstructorAccessorImpl.java:77)
at java.base/jdk.internal.reflect.DelegatingConstructorAccessorImpl.newInstance(DelegatingConstructorAccessorImpl.java:45)
at java.base/java.lang.reflect.Constructor.newInstanceWithCaller(Constructor.java:499)
at java.base/java.lang.reflect.Constructor.newInstance(Constructor.java:480)
at org.codehaus.groovy.reflection.CachedConstructor.invoke(CachedConstructor.java:72)
at org.codehaus.groovy.reflection.CachedConstructor.doConstructorInvoke(CachedConstructor.java:59)
at org.codehaus.groovy.runtime.callsite.ConstructorSite$ConstructorSiteNoUnwrap.callConstructor(ConstructorSite.java:84)
at org.codehaus.groovy.runtime.callsite.AbstractCallSite.callConstructor(AbstractCallSite.java:277)
at io.restassured.internal.common.assertion.AssertParameter.notNull(AssertParameter.groovy:26)
at io.restassured.internal.common.assertion.AssertParameter$notNull.callStatic(Unknown Source)
at org.codehaus.groovy.runtime.callsite.CallSiteArray.defaultCallStatic(CallSiteArray.java:55)
at io.restassured.internal.common.assertion.AssertParameter$notNull.callStatic(Unknown Source)
at io.restassured.internal.RequestSpecificationImpl.<init>(RequestSpecificationImpl.groovy:137)
at io.restassured.RestAssured.createTestSpecification(RestAssured.java:1452)
at io.restassured.RestAssured.given(RestAssured.java:653)
at utility.RestCalls.POST_200(RestCalls.java:52)
at BE.SendMailSingleWithAttachment64.SendMailSingleAttachment64_200(SendMailSingleWithAttachment64.java:36)
at java.base/jdk.internal.reflect.NativeMethodAccessorImpl.invoke0(Native Method)
at java.base/jdk.internal.reflect.NativeMethodAccessorImpl.invoke(NativeMethodAccessorImpl.java:77)
at java.base/jdk.internal.reflect.DelegatingMethodAccessorImpl.invoke(DelegatingMethodAccessorImpl.java:43)
at java.base/java.lang.reflect.Method.invoke(Method.java:568)
at org.testng.internal.MethodInvocationHelper.invokeMethod(MethodInvocationHelper.java:133)
at org.testng.internal.TestInvoker.invokeMethod(TestInvoker.java:598)
at org.testng.internal.TestInvoker.invokeTestMethod(TestInvoker.java:173)
at org.testng.internal.MethodRunner.runInSequence(MethodRunner.java:46)
at org.testng.internal.TestInvoker$MethodInvocationAgent.invoke(TestInvoker.java:824)
at org.testng.internal.TestInvoker.invokeTestMethods(TestInvoker.java:146)
at org.testng.internal.TestMethodWorker.invokeTestMethods(TestMethodWorker.java:146)
at org.testng.internal.TestMethodWorker.run(TestMethodWorker.java:128)
at java.base/java.util.ArrayList.forEach(ArrayList.java:1511)
at org.testng.TestRunner.privateRun(TestRunner.java:794)
at org.testng.TestRunner.run(TestRunner.java:596)
at org.testng.SuiteRunner.runTest(SuiteRunner.java:377)
at org.testng.SuiteRunner.runSequentially(SuiteRunner.java:371)
at org.testng.SuiteRunner.privateRun(SuiteRunner.java:332)
at org.testng.SuiteRunner.run(SuiteRunner.java:276)
at org.testng.SuiteRunnerWorker.runSuite(SuiteRunnerWorker.java:53)
at org.testng.SuiteRunnerWorker.run(SuiteRunnerWorker.java:96)
at org.testng.TestNG.runSuitesSequentially(TestNG.java:1212)
at org.testng.TestNG.runSuitesLocally(TestNG.java:1134)
at org.testng.TestNG.runSuites(TestNG.java:1063)
at org.testng.TestNG.run(TestNG.java:1031)
at org.apache.maven.surefire.testng.TestNGExecutor.run(TestNGExecutor.java:281)
at org.apache.maven.surefire.testng.TestNGXmlTestSuite.execute(TestNGXmlTestSuite.java:75)
at org.apache.maven.surefire.testng.TestNGProvider.invoke(TestNGProvider.java:121)
at org.apache.maven.surefire.booter.ForkedBooter.invokeProviderInSameClassLoader(ForkedBooter.java:290)
at org.apache.maven.surefire.booter.ForkedBooter.runSuitesInProcess(ForkedBooter.java:242)
at org.apache.maven.surefire.booter.ForkedBooter.main(ForkedBooter.java:121)
]]>
            </full-stacktrace>
          </exception> <!-- java.lang.IllegalArgumentException -->
          <reporter-output>
          </reporter-output>
        </test-method> <!-- SendMailSingleAttachment64_200 -->
        <test-method is-config="true" signature="Waiter()[pri:0, instance:BE.SendMailSingleWithAttachment64@44d52de2]" started-at="2022-01-17T11:25:52 WAT" name="Waiter" finished-at="2022-01-17T11:25:52 WAT" duration-ms="506" status="PASS">
          <reporter-output>
          </reporter-output>
        </test-method> <!-- Waiter -->
        <test-method is-config="true" signature="setUpConfiguration()[pri:0, instance:BE.SendMailSingleWithAttachment64@44d52de2]" started-at="2022-01-17T11:25:52 WAT" name="setUpConfiguration" finished-at="2022-01-17T11:25:52 WAT" duration-ms="1" status="PASS">
          <reporter-output>
          </reporter-output>
        </test-method> <!-- setUpConfiguration -->
        <test-method signature="SendMailSingleAttachment64_200()[pri:1, instance:BE.SendMailSingleWithAttachment64@44d52de2]" started-at="2022-01-17T11:25:52 WAT" name="SendMailSingleAttachment64_200" finished-at="2022-01-17T11:25:53 WAT" duration-ms="907" status="FAIL">
          <exception class="java.lang.IllegalArgumentException">
            <message>
              <![CDATA[baseURI cannot be null]]>
            </message>
            <full-stacktrace>
              <![CDATA[java.lang.IllegalArgumentException: baseURI cannot be null
at java.base/jdk.internal.reflect.NativeConstructorAccessorImpl.newInstance0(Native Method)
at java.base/jdk.internal.reflect.NativeConstructorAccessorImpl.newInstance(NativeConstructorAccessorImpl.java:77)
at java.base/jdk.internal.reflect.DelegatingConstructorAccessorImpl.newInstance(DelegatingConstructorAccessorImpl.java:45)
at java.base/java.lang.reflect.Constructor.newInstanceWithCaller(Constructor.java:499)
at java.base/java.lang.reflect.Constructor.newInstance(Constructor.java:480)
at org.codehaus.groovy.reflection.CachedConstructor.invoke(CachedConstructor.java:72)
at org.codehaus.groovy.reflection.CachedConstructor.doConstructorInvoke(CachedConstructor.java:59)
at org.codehaus.groovy.runtime.callsite.ConstructorSite$ConstructorSiteNoUnwrap.callConstructor(ConstructorSite.java:84)
at org.codehaus.groovy.runtime.callsite.AbstractCallSite.callConstructor(AbstractCallSite.java:277)
at io.restassured.internal.common.assertion.AssertParameter.notNull(AssertParameter.groovy:26)
at io.restassured.internal.common.assertion.AssertParameter$notNull.callStatic(Unknown Source)
at org.codehaus.groovy.runtime.callsite.CallSiteArray.defaultCallStatic(CallSiteArray.java:55)
at io.restassured.internal.common.assertion.AssertParameter$notNull.callStatic(Unknown Source)
at io.restassured.internal.RequestSpecificationImpl.<init>(RequestSpecificationImpl.groovy:137)
at io.restassured.RestAssured.createTestSpecification(RestAssured.java:1452)
at io.restassured.RestAssured.given(RestAssured.java:653)
at utility.RestCalls.POST_200(RestCalls.java:52)
at BE.SendMailSingleWithAttachment64.SendMailSingleAttachment64_200(SendMailSingleWithAttachment64.java:36)
at java.base/jdk.internal.reflect.NativeMethodAccessorImpl.invoke0(Native Method)
at java.base/jdk.internal.reflect.NativeMethodAccessorImpl.invoke(NativeMethodAccessorImpl.java:77)
at java.base/jdk.internal.reflect.DelegatingMethodAccessorImpl.invoke(DelegatingMethodAccessorImpl.java:43)
at java.base/java.lang.reflect.Method.invoke(Method.java:568)
at org.testng.internal.MethodInvocationHelper.invokeMethod(MethodInvocationHelper.java:133)
at org.testng.internal.TestInvoker.invokeMethod(TestInvoker.java:598)
at org.testng.internal.TestInvoker.retryFailed(TestInvoker.java:213)
at org.testng.internal.MethodRunner.runInSequence(MethodRunner.java:58)
at org.testng.internal.TestInvoker$MethodInvocationAgent.invoke(TestInvoker.java:824)
at org.testng.internal.TestInvoker.invokeTestMethods(TestInvoker.java:146)
at org.testng.internal.TestMethodWorker.invokeTestMethods(TestMethodWorker.java:146)
at org.testng.internal.TestMethodWorker.run(TestMethodWorker.java:128)
at java.base/java.util.ArrayList.forEach(ArrayList.java:1511)
at org.testng.TestRunner.privateRun(TestRunner.java:794)
at org.testng.TestRunner.run(TestRunner.java:596)
at org.testng.SuiteRunner.runTest(SuiteRunner.java:377)
at org.testng.SuiteRunner.runSequentially(SuiteRunner.java:371)
at org.testng.SuiteRunner.privateRun(SuiteRunner.java:332)
at org.testng.SuiteRunner.run(SuiteRunner.java:276)
at org.testng.SuiteRunnerWorker.runSuite(SuiteRunnerWorker.java:53)
at org.testng.SuiteRunnerWorker.run(SuiteRunnerWorker.java:96)
at org.testng.TestNG.runSuitesSequentially(TestNG.java:1212)
at org.testng.TestNG.runSuitesLocally(TestNG.java:1134)
at org.testng.TestNG.runSuites(TestNG.java:1063)
at org.testng.TestNG.run(TestNG.java:1031)
at org.apache.maven.surefire.testng.TestNGExecutor.run(TestNGExecutor.java:281)
at org.apache.maven.surefire.testng.TestNGXmlTestSuite.execute(TestNGXmlTestSuite.java:75)
at org.apache.maven.surefire.testng.TestNGProvider.invoke(TestNGProvider.java:121)
at org.apache.maven.surefire.booter.ForkedBooter.invokeProviderInSameClassLoader(ForkedBooter.java:290)
at org.apache.maven.surefire.booter.ForkedBooter.runSuitesInProcess(ForkedBooter.java:242)
at org.apache.maven.surefire.booter.ForkedBooter.main(ForkedBooter.java:121)
]]>
            </full-stacktrace>
          </exception> <!-- java.lang.IllegalArgumentException -->
          <reporter-output>
          </reporter-output>
        </test-method> <!-- SendMailSingleAttachment64_200 -->
        <test-method is-config="true" signature="Waiter()[pri:0, instance:BE.SendMailSingleWithAttachment64@44d52de2]" started-at="2022-01-17T11:25:53 WAT" name="Waiter" finished-at="2022-01-17T11:25:54 WAT" duration-ms="509" status="PASS">
          <reporter-output>
          </reporter-output>
        </test-method> <!-- Waiter -->
        <test-method is-config="true" signature="setUpConfiguration()[pri:0, instance:BE.SendMailSingleWithAttachment64@44d52de2]" started-at="2022-01-17T11:25:54 WAT" name="setUpConfiguration" finished-at="2022-01-17T11:25:54 WAT" duration-ms="0" status="PASS">
          <reporter-output>
          </reporter-output>
        </test-method> <!-- setUpConfiguration -->
        <test-method retried="true" signature="SendMailSingleAttachment64_400()[pri:2, instance:BE.SendMailSingleWithAttachment64@44d52de2]" started-at="2022-01-17T11:25:54 WAT" name="SendMailSingleAttachment64_400" finished-at="2022-01-17T11:25:58 WAT" duration-ms="3993" status="SKIP">
          <exception class="org.opentest4j.AssertionFailedError">
            <message>
              <![CDATA[expected: <400> but was: <500>]]>
            </message>
            <full-stacktrace>
              <![CDATA[org.opentest4j.AssertionFailedError: expected: <400> but was: <500>
at org.junit.jupiter.api.AssertionUtils.fail(AssertionUtils.java:55)
at org.junit.jupiter.api.AssertionUtils.failNotEqual(AssertionUtils.java:62)
at org.junit.jupiter.api.AssertEquals.assertEquals(AssertEquals.java:150)
at org.junit.jupiter.api.AssertEquals.assertEquals(AssertEquals.java:145)
at org.junit.jupiter.api.Assertions.assertEquals(Assertions.java:527)
at BE.SendMailSingleWithAttachment64.SendMailSingleAttachment64_400(SendMailSingleWithAttachment64.java:60)
at java.base/jdk.internal.reflect.NativeMethodAccessorImpl.invoke0(Native Method)
at java.base/jdk.internal.reflect.NativeMethodAccessorImpl.invoke(NativeMethodAccessorImpl.java:77)
at java.base/jdk.internal.reflect.DelegatingMethodAccessorImpl.invoke(DelegatingMethodAccessorImpl.java:43)
at java.base/java.lang.reflect.Method.invoke(Method.java:568)
at org.testng.internal.MethodInvocationHelper.invokeMethod(MethodInvocationHelper.java:133)
at org.testng.internal.TestInvoker.invokeMethod(TestInvoker.java:598)
at org.testng.internal.TestInvoker.invokeTestMethod(TestInvoker.java:173)
at org.testng.internal.MethodRunner.runInSequence(MethodRunner.java:46)
at org.testng.internal.TestInvoker$MethodInvocationAgent.invoke(TestInvoker.java:824)
at org.testng.internal.TestInvoker.invokeTestMethods(TestInvoker.java:146)
at org.testng.internal.TestMethodWorker.invokeTestMethods(TestMethodWorker.java:146)
at org.testng.internal.TestMethodWorker.run(TestMethodWorker.java:128)
at java.base/java.util.ArrayList.forEach(ArrayList.java:1511)
at org.testng.TestRunner.privateRun(TestRunner.java:794)
at org.testng.TestRunner.run(TestRunner.java:596)
at org.testng.SuiteRunner.runTest(SuiteRunner.java:377)
at org.testng.SuiteRunner.runSequentially(SuiteRunner.java:371)
at org.testng.SuiteRunner.privateRun(SuiteRunner.java:332)
at org.testng.SuiteRunner.run(SuiteRunner.java:276)
at org.testng.SuiteRunnerWorker.runSuite(SuiteRunnerWorker.java:53)
at org.testng.SuiteRunnerWorker.run(SuiteRunnerWorker.java:96)
at org.testng.TestNG.runSuitesSequentially(TestNG.java:1212)
at org.testng.TestNG.runSuitesLocally(TestNG.java:1134)
at org.testng.TestNG.runSuites(TestNG.java:1063)
at org.testng.TestNG.run(TestNG.java:1031)
at org.apache.maven.surefire.testng.TestNGExecutor.run(TestNGExecutor.java:281)
at org.apache.maven.surefire.testng.TestNGXmlTestSuite.execute(TestNGXmlTestSuite.java:75)
at org.apache.maven.surefire.testng.TestNGProvider.invoke(TestNGProvider.java:121)
at org.apache.maven.surefire.booter.ForkedBooter.invokeProviderInSameClassLoader(ForkedBooter.java:290)
at org.apache.maven.surefire.booter.ForkedBooter.runSuitesInProcess(ForkedBooter.java:242)
at org.apache.maven.surefire.booter.ForkedBooter.main(ForkedBooter.java:121)
]]>
            </full-stacktrace>
          </exception> <!-- org.opentest4j.AssertionFailedError -->
          <reporter-output>
          </reporter-output>
        </test-method> <!-- SendMailSingleAttachment64_400 -->
        <test-method is-config="true" signature="Waiter()[pri:0, instance:BE.SendMailSingleWithAttachment64@44d52de2]" started-at="2022-01-17T11:25:58 WAT" name="Waiter" finished-at="2022-01-17T11:25:58 WAT" duration-ms="505" status="PASS">
          <reporter-output>
          </reporter-output>
        </test-method> <!-- Waiter -->
        <test-method is-config="true" signature="setUpConfiguration()[pri:0, instance:BE.SendMailSingleWithAttachment64@44d52de2]" started-at="2022-01-17T11:25:58 WAT" name="setUpConfiguration" finished-at="2022-01-17T11:25:58 WAT" duration-ms="1" status="PASS">
          <reporter-output>
          </reporter-output>
        </test-method> <!-- setUpConfiguration -->
        <test-method signature="SendMailSingleAttachment64_400()[pri:2, instance:BE.SendMailSingleWithAttachment64@44d52de2]" started-at="2022-01-17T11:25:58 WAT" name="SendMailSingleAttachment64_400" finished-at="2022-01-17T11:26:02 WAT" duration-ms="4109" status="FAIL">
          <exception class="org.opentest4j.AssertionFailedError">
            <message>
              <![CDATA[expected: <400> but was: <500>]]>
            </message>
            <full-stacktrace>
              <![CDATA[org.opentest4j.AssertionFailedError: expected: <400> but was: <500>
at org.junit.jupiter.api.AssertionUtils.fail(AssertionUtils.java:55)
at org.junit.jupiter.api.AssertionUtils.failNotEqual(AssertionUtils.java:62)
at org.junit.jupiter.api.AssertEquals.assertEquals(AssertEquals.java:150)
at org.junit.jupiter.api.AssertEquals.assertEquals(AssertEquals.java:145)
at org.junit.jupiter.api.Assertions.assertEquals(Assertions.java:527)
at BE.SendMailSingleWithAttachment64.SendMailSingleAttachment64_400(SendMailSingleWithAttachment64.java:60)
at java.base/jdk.internal.reflect.NativeMethodAccessorImpl.invoke0(Native Method)
at java.base/jdk.internal.reflect.NativeMethodAccessorImpl.invoke(NativeMethodAccessorImpl.java:77)
at java.base/jdk.internal.reflect.DelegatingMethodAccessorImpl.invoke(DelegatingMethodAccessorImpl.java:43)
at java.base/java.lang.reflect.Method.invoke(Method.java:568)
at org.testng.internal.MethodInvocationHelper.invokeMethod(MethodInvocationHelper.java:133)
at org.testng.internal.TestInvoker.invokeMethod(TestInvoker.java:598)
at org.testng.internal.TestInvoker.retryFailed(TestInvoker.java:213)
at org.testng.internal.MethodRunner.runInSequence(MethodRunner.java:58)
at org.testng.internal.TestInvoker$MethodInvocationAgent.invoke(TestInvoker.java:824)
at org.testng.internal.TestInvoker.invokeTestMethods(TestInvoker.java:146)
at org.testng.internal.TestMethodWorker.invokeTestMethods(TestMethodWorker.java:146)
at org.testng.internal.TestMethodWorker.run(TestMethodWorker.java:128)
at java.base/java.util.ArrayList.forEach(ArrayList.java:1511)
at org.testng.TestRunner.privateRun(TestRunner.java:794)
at org.testng.TestRunner.run(TestRunner.java:596)
at org.testng.SuiteRunner.runTest(SuiteRunner.java:377)
at org.testng.SuiteRunner.runSequentially(SuiteRunner.java:371)
at org.testng.SuiteRunner.privateRun(SuiteRunner.java:332)
at org.testng.SuiteRunner.run(SuiteRunner.java:276)
at org.testng.SuiteRunnerWorker.runSuite(SuiteRunnerWorker.java:53)
at org.testng.SuiteRunnerWorker.run(SuiteRunnerWorker.java:96)
at org.testng.TestNG.runSuitesSequentially(TestNG.java:1212)
at org.testng.TestNG.runSuitesLocally(TestNG.java:1134)
at org.testng.TestNG.runSuites(TestNG.java:1063)
at org.testng.TestNG.run(TestNG.java:1031)
at org.apache.maven.surefire.testng.TestNGExecutor.run(TestNGExecutor.java:281)
at org.apache.maven.surefire.testng.TestNGXmlTestSuite.execute(TestNGXmlTestSuite.java:75)
at org.apache.maven.surefire.testng.TestNGProvider.invoke(TestNGProvider.java:121)
at org.apache.maven.surefire.booter.ForkedBooter.invokeProviderInSameClassLoader(ForkedBooter.java:290)
at org.apache.maven.surefire.booter.ForkedBooter.runSuitesInProcess(ForkedBooter.java:242)
at org.apache.maven.surefire.booter.ForkedBooter.main(ForkedBooter.java:121)
]]>
            </full-stacktrace>
          </exception> <!-- org.opentest4j.AssertionFailedError -->
          <reporter-output>
          </reporter-output>
        </test-method> <!-- SendMailSingleAttachment64_400 -->
        <test-method is-config="true" signature="ClearMailBox()[pri:0, instance:BE.SendMailSingleWithAttachment64@44d52de2]" started-at="2022-01-17T11:26:02 WAT" name="ClearMailBox" finished-at="2022-01-17T11:26:04 WAT" duration-ms="1898" status="FAIL">
          <exception class="org.opentest4j.AssertionFailedError">
            <message>
              <![CDATA[expected: <404> but was: <200>]]>
            </message>
            <full-stacktrace>
              <![CDATA[org.opentest4j.AssertionFailedError: expected: <404> but was: <200>
at org.junit.jupiter.api.AssertionUtils.fail(AssertionUtils.java:55)
at org.junit.jupiter.api.AssertionUtils.failNotEqual(AssertionUtils.java:62)
at org.junit.jupiter.api.AssertEquals.assertEquals(AssertEquals.java:150)
at org.junit.jupiter.api.AssertEquals.assertEquals(AssertEquals.java:145)
at org.junit.jupiter.api.Assertions.assertEquals(Assertions.java:527)
at utility.Luhn.MailSac.DeleteMailMessage(MailSac.java:80)
at BE.SendMailSingleWithAttachment64.ClearMailBox(SendMailSingleWithAttachment64.java:65)
at java.base/jdk.internal.reflect.NativeMethodAccessorImpl.invoke0(Native Method)
at java.base/jdk.internal.reflect.NativeMethodAccessorImpl.invoke(NativeMethodAccessorImpl.java:77)
at java.base/jdk.internal.reflect.DelegatingMethodAccessorImpl.invoke(DelegatingMethodAccessorImpl.java:43)
at java.base/java.lang.reflect.Method.invoke(Method.java:568)
at org.testng.internal.MethodInvocationHelper.invokeMethod(MethodInvocationHelper.java:133)
at org.testng.internal.MethodInvocationHelper.invokeMethodConsideringTimeout(MethodInvocationHelper.java:62)
at org.testng.internal.ConfigInvoker.invokeConfigurationMethod(ConfigInvoker.java:385)
at org.testng.internal.ConfigInvoker.invokeConfigurations(ConfigInvoker.java:321)
at org.testng.TestRunner.invokeTestConfigurations(TestRunner.java:637)
at org.testng.TestRunner.afterRun(TestRunner.java:877)
at org.testng.TestRunner.run(TestRunner.java:599)
at org.testng.SuiteRunner.runTest(SuiteRunner.java:377)
at org.testng.SuiteRunner.runSequentially(SuiteRunner.java:371)
at org.testng.SuiteRunner.privateRun(SuiteRunner.java:332)
at org.testng.SuiteRunner.run(SuiteRunner.java:276)
at org.testng.SuiteRunnerWorker.runSuite(SuiteRunnerWorker.java:53)
at org.testng.SuiteRunnerWorker.run(SuiteRunnerWorker.java:96)
at org.testng.TestNG.runSuitesSequentially(TestNG.java:1212)
at org.testng.TestNG.runSuitesLocally(TestNG.java:1134)
at org.testng.TestNG.runSuites(TestNG.java:1063)
at org.testng.TestNG.run(TestNG.java:1031)
at org.apache.maven.surefire.testng.TestNGExecutor.run(TestNGExecutor.java:281)
at org.apache.maven.surefire.testng.TestNGXmlTestSuite.execute(TestNGXmlTestSuite.java:75)
at org.apache.maven.surefire.testng.TestNGProvider.invoke(TestNGProvider.java:121)
at org.apache.maven.surefire.booter.ForkedBooter.invokeProviderInSameClassLoader(ForkedBooter.java:290)
at org.apache.maven.surefire.booter.ForkedBooter.runSuitesInProcess(ForkedBooter.java:242)
at org.apache.maven.surefire.booter.ForkedBooter.main(ForkedBooter.java:121)
]]>
            </full-stacktrace>
          </exception> <!-- org.opentest4j.AssertionFailedError -->
          <reporter-output>
          </reporter-output>
        </test-method> <!-- ClearMailBox -->
      </class> <!-- BE.SendMailSingleWithAttachment64 -->
    </test> <!-- SendMail with Attachment -->
    <test started-at="2022-01-17T11:26:04 WAT" name="Get Version" finished-at="2022-01-17T11:26:09 WAT" duration-ms="4356">
      <class name="BE.GetVersion.GetVersion">
        <test-method is-config="true" signature="Waiter()[pri:0, instance:BE.GetVersion.GetVersion@31add175]" started-at="2022-01-17T11:26:04 WAT" name="Waiter" finished-at="2022-01-17T11:26:05 WAT" duration-ms="501" status="PASS">
          <reporter-output>
          </reporter-output>
        </test-method> <!-- Waiter -->
        <test-method is-config="true" signature="setUpConfiguration()[pri:0, instance:BE.GetVersion.GetVersion@31add175]" started-at="2022-01-17T11:26:05 WAT" name="setUpConfiguration" finished-at="2022-01-17T11:26:05 WAT" duration-ms="0" status="PASS">
          <reporter-output>
          </reporter-output>
        </test-method> <!-- setUpConfiguration -->
        <test-method signature="GetVersion200()[pri:0, instance:BE.GetVersion.GetVersion@31add175]" started-at="2022-01-17T11:26:05 WAT" name="GetVersion200" finished-at="2022-01-17T11:26:09 WAT" duration-ms="3835" status="PASS">
          <reporter-output>
          </reporter-output>
        </test-method> <!-- GetVersion200 -->
      </class> <!-- BE.GetVersion.GetVersion -->
    </test> <!-- Get Version -->
    <test started-at="2022-01-17T11:26:09 WAT" name="Get Action" finished-at="2022-01-17T11:26:14 WAT" duration-ms="4895">
      <class name="Permission.Get_Action">
        <test-method is-config="true" signature="Waiter()[pri:0, instance:Permission.Get_Action@71e9ebae]" started-at="2022-01-17T11:26:09 WAT" name="Waiter" finished-at="2022-01-17T11:26:09 WAT" duration-ms="513" status="PASS">
          <reporter-output>
          </reporter-output>
        </test-method> <!-- Waiter -->
        <test-method is-config="true" signature="setUpConfiguration()[pri:0, instance:Permission.Get_Action@71e9ebae]" started-at="2022-01-17T11:26:09 WAT" name="setUpConfiguration" finished-at="2022-01-17T11:26:09 WAT" duration-ms="1" status="PASS">
          <reporter-output>
          </reporter-output>
        </test-method> <!-- setUpConfiguration -->
        <test-method signature="Get_All_Action_Under_Role_200()[pri:2, instance:Permission.Get_Action@71e9ebae]" started-at="2022-01-17T11:26:09 WAT" name="Get_All_Action_Under_Role_200" finished-at="2022-01-17T11:26:14 WAT" duration-ms="4339" status="PASS">
          <reporter-output>
          </reporter-output>
        </test-method> <!-- Get_All_Action_Under_Role_200 -->
      </class> <!-- Permission.Get_Action -->
    </test> <!-- Get Action -->
    <test started-at="2022-01-17T11:26:14 WAT" name="Get Permission" finished-at="2022-01-17T11:26:19 WAT" duration-ms="5482">
      <class name="Permission.GetPermission">
        <test-method is-config="true" signature="Waiter()[pri:0, instance:Permission.GetPermission@5a3bc7ed]" started-at="2022-01-17T11:26:14 WAT" name="Waiter" finished-at="2022-01-17T11:26:14 WAT" duration-ms="504" status="PASS">
          <reporter-output>
          </reporter-output>
        </test-method> <!-- Waiter -->
        <test-method is-config="true" signature="setUpConfiguration()[pri:0, instance:Permission.GetPermission@5a3bc7ed]" started-at="2022-01-17T11:26:14 WAT" name="setUpConfiguration" finished-at="2022-01-17T11:26:14 WAT" duration-ms="2" status="PASS">
          <reporter-output>
          </reporter-output>
        </test-method> <!-- setUpConfiguration -->
        <test-method signature="GetPermission_200()[pri:0, instance:Permission.GetPermission@5a3bc7ed]" started-at="2022-01-17T11:26:14 WAT" name="GetPermission_200" finished-at="2022-01-17T11:26:19 WAT" duration-ms="4937" status="PASS">
          <reporter-output>
          </reporter-output>
        </test-method> <!-- GetPermission_200 -->
      </class> <!-- Permission.GetPermission -->
    </test> <!-- Get Permission -->
    <test started-at="2022-01-17T11:26:19 WAT" name="Update Role Action" finished-at="2022-01-17T11:26:31 WAT" duration-ms="11798">
      <class name="Permission.UpdateRoleAction">
        <test-method is-config="true" signature="Waiter()[pri:0, instance:Permission.UpdateRoleAction@16eccb2e]" started-at="2022-01-17T11:26:19 WAT" name="Waiter" finished-at="2022-01-17T11:26:20 WAT" duration-ms="503" status="PASS">
          <reporter-output>
          </reporter-output>
        </test-method> <!-- Waiter -->
        <test-method is-config="true" signature="setUpConfiguration()[pri:0, instance:Permission.UpdateRoleAction@16eccb2e]" started-at="2022-01-17T11:26:20 WAT" name="setUpConfiguration" finished-at="2022-01-17T11:26:20 WAT" duration-ms="1" status="PASS">
          <reporter-output>
          </reporter-output>
        </test-method> <!-- setUpConfiguration -->
        <test-method signature="UpdateActionPermission_401()[pri:0, instance:Permission.UpdateRoleAction@16eccb2e]" started-at="2022-01-17T11:26:20 WAT" name="UpdateActionPermission_401" finished-at="2022-01-17T11:26:21 WAT" duration-ms="1290" status="PASS">
          <reporter-output>
          </reporter-output>
        </test-method> <!-- UpdateActionPermission_401 -->
        <test-method is-config="true" signature="Waiter()[pri:0, instance:Permission.UpdateRoleAction@16eccb2e]" started-at="2022-01-17T11:26:21 WAT" name="Waiter" finished-at="2022-01-17T11:26:22 WAT" duration-ms="515" status="PASS">
          <reporter-output>
          </reporter-output>
        </test-method> <!-- Waiter -->
        <test-method is-config="true" signature="setUpConfiguration()[pri:0, instance:Permission.UpdateRoleAction@16eccb2e]" started-at="2022-01-17T11:26:22 WAT" name="setUpConfiguration" finished-at="2022-01-17T11:26:22 WAT" duration-ms="0" status="PASS">
          <reporter-output>
          </reporter-output>
        </test-method> <!-- setUpConfiguration -->
        <test-method signature="UpdateAction_200()[pri:0, instance:Permission.UpdateRoleAction@16eccb2e]" started-at="2022-01-17T11:26:22 WAT" name="UpdateAction_200" finished-at="2022-01-17T11:26:26 WAT" duration-ms="4450" status="PASS">
          <reporter-output>
          </reporter-output>
        </test-method> <!-- UpdateAction_200 -->
        <test-method is-config="true" signature="Waiter()[pri:0, instance:Permission.UpdateRoleAction@16eccb2e]" started-at="2022-01-17T11:26:26 WAT" name="Waiter" finished-at="2022-01-17T11:26:27 WAT" duration-ms="504" status="PASS">
          <reporter-output>
          </reporter-output>
        </test-method> <!-- Waiter -->
        <test-method is-config="true" signature="setUpConfiguration()[pri:0, instance:Permission.UpdateRoleAction@16eccb2e]" started-at="2022-01-17T11:26:27 WAT" name="setUpConfiguration" finished-at="2022-01-17T11:26:27 WAT" duration-ms="1" status="PASS">
          <reporter-output>
          </reporter-output>
        </test-method> <!-- setUpConfiguration -->
        <test-method signature="UpdateAction_Multiple_Permission_200()[pri:0, instance:Permission.UpdateRoleAction@16eccb2e]" started-at="2022-01-17T11:26:27 WAT" name="UpdateAction_Multiple_Permission_200" finished-at="2022-01-17T11:26:31 WAT" duration-ms="4416" status="PASS">
          <reporter-output>
          </reporter-output>
        </test-method> <!-- UpdateAction_Multiple_Permission_200 -->
      </class> <!-- Permission.UpdateRoleAction -->
    </test> <!-- Update Role Action -->
    <test started-at="2022-01-17T11:26:31 WAT" name="Create New Admin Role" finished-at="2022-01-17T11:26:47 WAT" duration-ms="15652">
      <class name="Role.CreateNewAdminRole">
        <test-method is-config="true" signature="Waiter()[pri:0, instance:Role.CreateNewAdminRole@36060e]" started-at="2022-01-17T11:26:31 WAT" name="Waiter" finished-at="2022-01-17T11:26:32 WAT" duration-ms="510" status="PASS">
          <reporter-output>
          </reporter-output>
        </test-method> <!-- Waiter -->
        <test-method is-config="true" signature="setUpConfiguration()[pri:0, instance:Role.CreateNewAdminRole@36060e]" started-at="2022-01-17T11:26:32 WAT" name="setUpConfiguration" finished-at="2022-01-17T11:26:32 WAT" duration-ms="1" status="PASS">
          <reporter-output>
          </reporter-output>
        </test-method> <!-- setUpConfiguration -->
        <test-method signature="CreateNewAdminRoleWithoutPermission_()[pri:0, instance:Role.CreateNewAdminRole@36060e]" started-at="2022-01-17T11:26:32 WAT" name="CreateNewAdminRoleWithoutPermission_" finished-at="2022-01-17T11:26:36 WAT" duration-ms="4486" status="PASS">
          <reporter-output>
          </reporter-output>
        </test-method> <!-- CreateNewAdminRoleWithoutPermission_ -->
        <test-method is-config="true" signature="Waiter()[pri:0, instance:Role.CreateNewAdminRole@36060e]" started-at="2022-01-17T11:26:36 WAT" name="Waiter" finished-at="2022-01-17T11:26:37 WAT" duration-ms="514" status="PASS">
          <reporter-output>
          </reporter-output>
        </test-method> <!-- Waiter -->
        <test-method is-config="true" signature="setUpConfiguration()[pri:0, instance:Role.CreateNewAdminRole@36060e]" started-at="2022-01-17T11:26:37 WAT" name="setUpConfiguration" finished-at="2022-01-17T11:26:37 WAT" duration-ms="0" status="PASS">
          <reporter-output>
          </reporter-output>
        </test-method> <!-- setUpConfiguration -->
        <test-method signature="CreateNewAdminRole_200()[pri:0, instance:Role.CreateNewAdminRole@36060e]" started-at="2022-01-17T11:26:37 WAT" name="CreateNewAdminRole_200" finished-at="2022-01-17T11:26:41 WAT" duration-ms="4011" status="PASS">
          <reporter-output>
          </reporter-output>
        </test-method> <!-- CreateNewAdminRole_200 -->
        <test-method is-config="true" signature="Waiter()[pri:0, instance:Role.CreateNewAdminRole@36060e]" started-at="2022-01-17T11:26:41 WAT" name="Waiter" finished-at="2022-01-17T11:26:41 WAT" duration-ms="515" status="PASS">
          <reporter-output>
          </reporter-output>
        </test-method> <!-- Waiter -->
        <test-method is-config="true" signature="setUpConfiguration()[pri:0, instance:Role.CreateNewAdminRole@36060e]" started-at="2022-01-17T11:26:41 WAT" name="setUpConfiguration" finished-at="2022-01-17T11:26:41 WAT" duration-ms="1" status="PASS">
          <reporter-output>
          </reporter-output>
        </test-method> <!-- setUpConfiguration -->
        <test-method signature="CreateNewAdminRole_401()[pri:0, instance:Role.CreateNewAdminRole@36060e]" started-at="2022-01-17T11:26:41 WAT" name="CreateNewAdminRole_401" finished-at="2022-01-17T11:26:43 WAT" duration-ms="1226" status="PASS">
          <reporter-output>
          </reporter-output>
        </test-method> <!-- CreateNewAdminRole_401 -->
        <test-method is-config="true" signature="Waiter()[pri:0, instance:Role.CreateNewAdminRole@36060e]" started-at="2022-01-17T11:26:43 WAT" name="Waiter" finished-at="2022-01-17T11:26:43 WAT" duration-ms="510" status="PASS">
          <reporter-output>
          </reporter-output>
        </test-method> <!-- Waiter -->
        <test-method is-config="true" signature="setUpConfiguration()[pri:0, instance:Role.CreateNewAdminRole@36060e]" started-at="2022-01-17T11:26:43 WAT" name="setUpConfiguration" finished-at="2022-01-17T11:26:43 WAT" duration-ms="0" status="PASS">
          <reporter-output>
          </reporter-output>
        </test-method> <!-- setUpConfiguration -->
        <test-method signature="CreateNewAdminRole_409()[pri:0, instance:Role.CreateNewAdminRole@36060e]" started-at="2022-01-17T11:26:43 WAT" name="CreateNewAdminRole_409" finished-at="2022-01-17T11:26:47 WAT" duration-ms="3749" status="PASS">
          <reporter-output>
          </reporter-output>
        </test-method> <!-- CreateNewAdminRole_409 -->
      </class> <!-- Role.CreateNewAdminRole -->
    </test> <!-- Create New Admin Role -->
    <test started-at="2022-01-17T11:26:47 WAT" name="Create New Stake Holder Role" finished-at="2022-01-17T11:26:47 WAT" duration-ms="0">
    </test> <!-- Create New Stake Holder Role -->
    <test started-at="2022-01-17T11:26:47 WAT" name="Get All Role" finished-at="2022-01-17T11:26:55 WAT" duration-ms="7604">
      <class name="Role.Get_All_Roles">
        <test-method is-config="true" signature="Waiter()[pri:0, instance:Role.Get_All_Roles@1f53a5dc]" started-at="2022-01-17T11:26:47 WAT" name="Waiter" finished-at="2022-01-17T11:26:47 WAT" duration-ms="507" status="PASS">
          <reporter-output>
          </reporter-output>
        </test-method> <!-- Waiter -->
        <test-method is-config="true" signature="setUpConfiguration()[pri:0, instance:Role.Get_All_Roles@1f53a5dc]" started-at="2022-01-17T11:26:47 WAT" name="setUpConfiguration" finished-at="2022-01-17T11:26:47 WAT" duration-ms="1" status="PASS">
          <reporter-output>
          </reporter-output>
        </test-method> <!-- setUpConfiguration -->
        <test-method signature="Get_Role_401()[pri:0, instance:Role.Get_All_Roles@1f53a5dc]" started-at="2022-01-17T11:26:47 WAT" name="Get_Role_401" finished-at="2022-01-17T11:26:49 WAT" duration-ms="1236" status="PASS">
          <reporter-output>
          </reporter-output>
        </test-method> <!-- Get_Role_401 -->
        <test-method is-config="true" signature="Waiter()[pri:0, instance:Role.Get_All_Roles@1f53a5dc]" started-at="2022-01-17T11:26:49 WAT" name="Waiter" finished-at="2022-01-17T11:26:49 WAT" duration-ms="508" status="PASS">
          <reporter-output>
          </reporter-output>
        </test-method> <!-- Waiter -->
        <test-method is-config="true" signature="setUpConfiguration()[pri:0, instance:Role.Get_All_Roles@1f53a5dc]" started-at="2022-01-17T11:26:49 WAT" name="setUpConfiguration" finished-at="2022-01-17T11:26:49 WAT" duration-ms="0" status="PASS">
          <reporter-output>
          </reporter-output>
        </test-method> <!-- setUpConfiguration -->
        <test-method signature="Get_Role_Success()[pri:0, instance:Role.Get_All_Roles@1f53a5dc]" started-at="2022-01-17T11:26:49 WAT" name="Get_Role_Success" finished-at="2022-01-17T11:26:54 WAT" duration-ms="5274" status="PASS">
          <reporter-output>
          </reporter-output>
        </test-method> <!-- Get_Role_Success -->
      </class> <!-- Role.Get_All_Roles -->
    </test> <!-- Get All Role -->
    <test started-at="2022-01-17T11:26:55 WAT" name="Get Role" finished-at="2022-01-17T11:27:01 WAT" duration-ms="6878">
      <class name="Role.Get_Role">
        <test-method is-config="true" signature="Waiter()[pri:0, instance:Role.Get_Role@3403e2ac]" started-at="2022-01-17T11:26:55 WAT" name="Waiter" finished-at="2022-01-17T11:26:55 WAT" duration-ms="502" status="PASS">
          <reporter-output>
          </reporter-output>
        </test-method> <!-- Waiter -->
        <test-method is-config="true" signature="setUpConfiguration()[pri:0, instance:Role.Get_Role@3403e2ac]" started-at="2022-01-17T11:26:55 WAT" name="setUpConfiguration" finished-at="2022-01-17T11:26:55 WAT" duration-ms="3" status="PASS">
          <reporter-output>
          </reporter-output>
        </test-method> <!-- setUpConfiguration -->
        <test-method signature="New_Role200()[pri:0, instance:Role.Get_Role@3403e2ac]" started-at="2022-01-17T11:26:55 WAT" name="New_Role200" finished-at="2022-01-17T11:27:01 WAT" duration-ms="6333" status="PASS">
          <reporter-output>
          </reporter-output>
        </test-method> <!-- New_Role200 -->
      </class> <!-- Role.Get_Role -->
    </test> <!-- Get Role -->
    <test started-at="2022-01-17T11:27:02 WAT" name="Get all for Sel" finished-at="2022-01-17T11:27:08 WAT" duration-ms="6138">
      <class name="Role.GetAllForSel">
        <test-method is-config="true" signature="Waiter()[pri:0, instance:Role.GetAllForSel@38b27cdc]" started-at="2022-01-17T11:27:02 WAT" name="Waiter" finished-at="2022-01-17T11:27:02 WAT" duration-ms="510" status="PASS">
          <reporter-output>
          </reporter-output>
        </test-method> <!-- Waiter -->
        <test-method is-config="true" signature="setUpConfiguration()[pri:0, instance:Role.GetAllForSel@38b27cdc]" started-at="2022-01-17T11:27:02 WAT" name="setUpConfiguration" finished-at="2022-01-17T11:27:02 WAT" duration-ms="0" status="PASS">
          <reporter-output>
          </reporter-output>
        </test-method> <!-- setUpConfiguration -->
        <test-method signature="GetAllSel401()[pri:1, instance:Role.GetAllForSel@38b27cdc]" started-at="2022-01-17T11:27:02 WAT" name="GetAllSel401" finished-at="2022-01-17T11:27:03 WAT" duration-ms="1214" status="PASS">
          <reporter-output>
          </reporter-output>
        </test-method> <!-- GetAllSel401 -->
        <test-method is-config="true" signature="Waiter()[pri:0, instance:Role.GetAllForSel@38b27cdc]" started-at="2022-01-17T11:27:03 WAT" name="Waiter" finished-at="2022-01-17T11:27:04 WAT" duration-ms="510" status="PASS">
          <reporter-output>
          </reporter-output>
        </test-method> <!-- Waiter -->
        <test-method is-config="true" signature="setUpConfiguration()[pri:0, instance:Role.GetAllForSel@38b27cdc]" started-at="2022-01-17T11:27:04 WAT" name="setUpConfiguration" finished-at="2022-01-17T11:27:04 WAT" duration-ms="1" status="PASS">
          <reporter-output>
          </reporter-output>
        </test-method> <!-- setUpConfiguration -->
        <test-method signature="GetAllSel200()[pri:2, instance:Role.GetAllForSel@38b27cdc]" started-at="2022-01-17T11:27:04 WAT" name="GetAllSel200" finished-at="2022-01-17T11:27:08 WAT" duration-ms="3771" status="PASS">
          <reporter-output>
          </reporter-output>
        </test-method> <!-- GetAllSel200 -->
      </class> <!-- Role.GetAllForSel -->
    </test> <!-- Get all for Sel -->
    <test started-at="2022-01-17T11:27:08 WAT" name="Get Dashboards" finished-at="2022-01-17T11:27:14 WAT" duration-ms="6068">
      <class name="Role.GetDashboards">
        <test-method is-config="true" signature="Waiter()[pri:0, instance:Role.GetDashboards@68df9280]" started-at="2022-01-17T11:27:08 WAT" name="Waiter" finished-at="2022-01-17T11:27:08 WAT" duration-ms="503" status="PASS">
          <reporter-output>
          </reporter-output>
        </test-method> <!-- Waiter -->
        <test-method is-config="true" signature="setUpConfiguration()[pri:0, instance:Role.GetDashboards@68df9280]" started-at="2022-01-17T11:27:08 WAT" name="setUpConfiguration" finished-at="2022-01-17T11:27:08 WAT" duration-ms="0" status="PASS">
          <reporter-output>
          </reporter-output>
        </test-method> <!-- setUpConfiguration -->
        <test-method signature="GetDashboards401()[pri:1, instance:Role.GetDashboards@68df9280]" started-at="2022-01-17T11:27:08 WAT" name="GetDashboards401" finished-at="2022-01-17T11:27:10 WAT" duration-ms="1266" status="PASS">
          <reporter-output>
          </reporter-output>
        </test-method> <!-- GetDashboards401 -->
        <test-method is-config="true" signature="Waiter()[pri:0, instance:Role.GetDashboards@68df9280]" started-at="2022-01-17T11:27:10 WAT" name="Waiter" finished-at="2022-01-17T11:27:10 WAT" duration-ms="510" status="PASS">
          <reporter-output>
          </reporter-output>
        </test-method> <!-- Waiter -->
        <test-method is-config="true" signature="setUpConfiguration()[pri:0, instance:Role.GetDashboards@68df9280]" started-at="2022-01-17T11:27:10 WAT" name="setUpConfiguration" finished-at="2022-01-17T11:27:10 WAT" duration-ms="1" status="PASS">
          <reporter-output>
          </reporter-output>
        </test-method> <!-- setUpConfiguration -->
        <test-method signature="GetDashboards200()[pri:2, instance:Role.GetDashboards@68df9280]" started-at="2022-01-17T11:27:10 WAT" name="GetDashboards200" finished-at="2022-01-17T11:27:14 WAT" duration-ms="3681" status="PASS">
          <reporter-output>
          </reporter-output>
        </test-method> <!-- GetDashboards200 -->
      </class> <!-- Role.GetDashboards -->
    </test> <!-- Get Dashboards -->
    <test started-at="2022-01-17T11:27:14 WAT" name="Get Roles of Stakeholder" finished-at="2022-01-17T11:27:20 WAT" duration-ms="5990">
      <class name="Role.GetRoleOfStakeHolder">
        <test-method is-config="true" signature="Waiter()[pri:0, instance:Role.GetRoleOfStakeHolder@3f91b517]" started-at="2022-01-17T11:27:14 WAT" name="Waiter" finished-at="2022-01-17T11:27:14 WAT" duration-ms="515" status="PASS">
          <reporter-output>
          </reporter-output>
        </test-method> <!-- Waiter -->
        <test-method is-config="true" signature="setUpConfiguration()[pri:0, instance:Role.GetRoleOfStakeHolder@3f91b517]" started-at="2022-01-17T11:27:14 WAT" name="setUpConfiguration" finished-at="2022-01-17T11:27:14 WAT" duration-ms="1" status="PASS">
          <reporter-output>
          </reporter-output>
        </test-method> <!-- setUpConfiguration -->
        <test-method signature="GetDashboards401()[pri:1, instance:Role.GetRoleOfStakeHolder@3f91b517]" started-at="2022-01-17T11:27:14 WAT" name="GetDashboards401" finished-at="2022-01-17T11:27:16 WAT" duration-ms="1208" status="PASS">
          <reporter-output>
          </reporter-output>
        </test-method> <!-- GetDashboards401 -->
        <test-method is-config="true" signature="Waiter()[pri:0, instance:Role.GetRoleOfStakeHolder@3f91b517]" started-at="2022-01-17T11:27:16 WAT" name="Waiter" finished-at="2022-01-17T11:27:16 WAT" duration-ms="504" status="PASS">
          <reporter-output>
          </reporter-output>
        </test-method> <!-- Waiter -->
        <test-method is-config="true" signature="setUpConfiguration()[pri:0, instance:Role.GetRoleOfStakeHolder@3f91b517]" started-at="2022-01-17T11:27:16 WAT" name="setUpConfiguration" finished-at="2022-01-17T11:27:16 WAT" duration-ms="1" status="PASS">
          <reporter-output>
          </reporter-output>
        </test-method> <!-- setUpConfiguration -->
        <test-method signature="GetAllSel200()[pri:2, instance:Role.GetRoleOfStakeHolder@3f91b517]" started-at="2022-01-17T11:27:16 WAT" name="GetAllSel200" finished-at="2022-01-17T11:27:20 WAT" duration-ms="3666" status="PASS">
          <reporter-output>
          </reporter-output>
        </test-method> <!-- GetAllSel200 -->
      </class> <!-- Role.GetRoleOfStakeHolder -->
    </test> <!-- Get Roles of Stakeholder -->
    <test started-at="2022-01-17T11:27:20 WAT" name="Get Stakeholder Roles for Selection" finished-at="2022-01-17T11:27:26 WAT" duration-ms="5986">
      <class name="Role.GetStakeHolderRoleForSelection">
        <test-method is-config="true" signature="Waiter()[pri:0, instance:Role.GetStakeHolderRoleForSelection@59a008ba]" started-at="2022-01-17T11:27:20 WAT" name="Waiter" finished-at="2022-01-17T11:27:20 WAT" duration-ms="509" status="PASS">
          <reporter-output>
          </reporter-output>
        </test-method> <!-- Waiter -->
        <test-method is-config="true" signature="setUpConfiguration()[pri:0, instance:Role.GetStakeHolderRoleForSelection@59a008ba]" started-at="2022-01-17T11:27:20 WAT" name="setUpConfiguration" finished-at="2022-01-17T11:27:20 WAT" duration-ms="1" status="PASS">
          <reporter-output>
          </reporter-output>
        </test-method> <!-- setUpConfiguration -->
        <test-method signature="GetDashboards401()[pri:1, instance:Role.GetStakeHolderRoleForSelection@59a008ba]" started-at="2022-01-17T11:27:20 WAT" name="GetDashboards401" finished-at="2022-01-17T11:27:22 WAT" duration-ms="1257" status="PASS">
          <reporter-output>
          </reporter-output>
        </test-method> <!-- GetDashboards401 -->
        <test-method is-config="true" signature="Waiter()[pri:0, instance:Role.GetStakeHolderRoleForSelection@59a008ba]" started-at="2022-01-17T11:27:22 WAT" name="Waiter" finished-at="2022-01-17T11:27:22 WAT" duration-ms="505" status="PASS">
          <reporter-output>
          </reporter-output>
        </test-method> <!-- Waiter -->
        <test-method is-config="true" signature="setUpConfiguration()[pri:0, instance:Role.GetStakeHolderRoleForSelection@59a008ba]" started-at="2022-01-17T11:27:22 WAT" name="setUpConfiguration" finished-at="2022-01-17T11:27:22 WAT" duration-ms="1" status="PASS">
          <reporter-output>
          </reporter-output>
        </test-method> <!-- setUpConfiguration -->
        <test-method signature="GetAllSel200()[pri:2, instance:Role.GetStakeHolderRoleForSelection@59a008ba]" started-at="2022-01-17T11:27:22 WAT" name="GetAllSel200" finished-at="2022-01-17T11:27:26 WAT" duration-ms="3602" status="PASS">
[...]
at io.restassured.internal.ValidatableResponseImpl.super$2$spec(ValidatableResponseImpl.groovy)
at jdk.internal.reflect.GeneratedMethodAccessor397.invoke(Unknown Source)
at java.base/jdk.internal.reflect.DelegatingMethodAccessorImpl.invoke(DelegatingMethodAccessorImpl.java:43)
at java.base/java.lang.reflect.Method.invoke(Method.java:568)
at org.codehaus.groovy.reflection.CachedMethod.invoke(CachedMethod.java:107)
at groovy.lang.MetaMethod.doMethodInvoke(MetaMethod.java:323)
at groovy.lang.MetaClassImpl.invokeMethod(MetaClassImpl.java:1268)
at org.codehaus.groovy.runtime.ScriptBytecodeAdapter.invokeMethodOnSuperN(ScriptBytecodeAdapter.java:144)
at io.restassured.internal.ValidatableResponseImpl.spec(ValidatableResponseImpl.groovy:76)
at io.restassured.internal.ValidatableResponseImpl.spec(ValidatableResponseImpl.groovy)
at User.ProfileUpdate.ProfileUpdate_404(ProfileUpdate.java:63)
at java.base/jdk.internal.reflect.NativeMethodAccessorImpl.invoke0(Native Method)
at java.base/jdk.internal.reflect.NativeMethodAccessorImpl.invoke(NativeMethodAccessorImpl.java:77)
at java.base/jdk.internal.reflect.DelegatingMethodAccessorImpl.invoke(DelegatingMethodAccessorImpl.java:43)
at java.base/java.lang.reflect.Method.invoke(Method.java:568)
at org.testng.internal.MethodInvocationHelper.invokeMethod(MethodInvocationHelper.java:133)
at org.testng.internal.TestInvoker.invokeMethod(TestInvoker.java:598)
at org.testng.internal.TestInvoker.invokeTestMethod(TestInvoker.java:173)
at org.testng.internal.MethodRunner.runInSequence(MethodRunner.java:46)
at org.testng.internal.TestInvoker$MethodInvocationAgent.invoke(TestInvoker.java:824)
at org.testng.internal.TestInvoker.invokeTestMethods(TestInvoker.java:146)
at org.testng.internal.TestMethodWorker.invokeTestMethods(TestMethodWorker.java:146)
at org.testng.internal.TestMethodWorker.run(TestMethodWorker.java:128)
at java.base/java.util.ArrayList.forEach(ArrayList.java:1511)
at org.testng.TestRunner.privateRun(TestRunner.java:794)
at org.testng.TestRunner.run(TestRunner.java:596)
at org.testng.SuiteRunner.runTest(SuiteRunner.java:377)
at org.testng.SuiteRunner.runSequentially(SuiteRunner.java:371)
at org.testng.SuiteRunner.privateRun(SuiteRunner.java:332)
at org.testng.SuiteRunner.run(SuiteRunner.java:276)
at org.testng.SuiteRunnerWorker.runSuite(SuiteRunnerWorker.java:53)
at org.testng.SuiteRunnerWorker.run(SuiteRunnerWorker.java:96)
at org.testng.TestNG.runSuitesSequentially(TestNG.java:1212)
at org.testng.TestNG.runSuitesLocally(TestNG.java:1134)
at org.testng.TestNG.runSuites(TestNG.java:1063)
at org.testng.TestNG.run(TestNG.java:1031)
at org.apache.maven.surefire.testng.TestNGExecutor.run(TestNGExecutor.java:281)
at org.apache.maven.surefire.testng.TestNGXmlTestSuite.execute(TestNGXmlTestSuite.java:75)
at org.apache.maven.surefire.testng.TestNGProvider.invoke(TestNGProvider.java:121)
at org.apache.maven.surefire.booter.ForkedBooter.invokeProviderInSameClassLoader(ForkedBooter.java:290)
at org.apache.maven.surefire.booter.ForkedBooter.runSuitesInProcess(ForkedBooter.java:242)
at org.apache.maven.surefire.booter.ForkedBooter.main(ForkedBooter.java:121)
]]>
            </full-stacktrace>
          </exception> <!-- java.lang.AssertionError -->
          <reporter-output>
          </reporter-output>
        </test-method> <!-- ProfileUpdate_404 -->
        <test-method is-config="true" signature="Waiter()[pri:0, instance:User.ProfileUpdate@531f4093]" started-at="2022-01-17T11:33:49 WAT" name="Waiter" finished-at="2022-01-17T11:33:49 WAT" duration-ms="509" status="PASS">
          <reporter-output>
          </reporter-output>
        </test-method> <!-- Waiter -->
        <test-method is-config="true" signature="setUpConfiguration()[pri:0, instance:User.ProfileUpdate@531f4093]" started-at="2022-01-17T11:33:49 WAT" name="setUpConfiguration" finished-at="2022-01-17T11:33:49 WAT" duration-ms="1" status="PASS">
          <reporter-output>
          </reporter-output>
        </test-method> <!-- setUpConfiguration -->
        <test-method signature="ProfileUpdate_404()[pri:4, instance:User.ProfileUpdate@531f4093]" started-at="2022-01-17T11:33:49 WAT" name="ProfileUpdate_404" finished-at="2022-01-17T11:33:53 WAT" duration-ms="3707" status="FAIL">
          <exception class="java.lang.AssertionError">
            <message>
              <![CDATA[2 expectations failed.
Expected status code <404> but was <400>.

Expected status line "HTTP/1.1 404 Not Found" doesn't match actual status line "HTTP/1.1 400 Bad Request".
]]>
            </message>
            <full-stacktrace>
              <![CDATA[java.lang.AssertionError: 2 expectations failed.
Expected status code <404> but was <400>.

Expected status line "HTTP/1.1 404 Not Found" doesn't match actual status line "HTTP/1.1 400 Bad Request".

at java.base/jdk.internal.reflect.NativeConstructorAccessorImpl.newInstance0(Native Method)
at java.base/jdk.internal.reflect.NativeConstructorAccessorImpl.newInstance(NativeConstructorAccessorImpl.java:77)
at java.base/jdk.internal.reflect.DelegatingConstructorAccessorImpl.newInstance(DelegatingConstructorAccessorImpl.java:45)
at java.base/java.lang.reflect.Constructor.newInstanceWithCaller(Constructor.java:499)
at java.base/java.lang.reflect.Constructor.newInstance(Constructor.java:480)
at org.codehaus.groovy.reflection.CachedConstructor.invoke(CachedConstructor.java:72)
at org.codehaus.groovy.runtime.callsite.ConstructorSite$ConstructorSiteNoUnwrapNoCoerce.callConstructor(ConstructorSite.java:105)
at org.codehaus.groovy.runtime.callsite.AbstractCallSite.callConstructor(AbstractCallSite.java:277)
at io.restassured.internal.ResponseSpecificationImpl$HamcrestAssertionClosure.validate(ResponseSpecificationImpl.groovy:493)
at io.restassured.internal.ResponseSpecificationImpl$HamcrestAssertionClosure$validate$1.call(Unknown Source)
at io.restassured.internal.ResponseSpecificationImpl.validate(ResponseSpecificationImpl.groovy:92)
at io.restassured.internal.ValidatableResponseOptionsImpl.spec(ValidatableResponseOptionsImpl.java:288)
at io.restassured.internal.ValidatableResponseImpl.super$2$spec(ValidatableResponseImpl.groovy)
at jdk.internal.reflect.GeneratedMethodAccessor397.invoke(Unknown Source)
at java.base/jdk.internal.reflect.DelegatingMethodAccessorImpl.invoke(DelegatingMethodAccessorImpl.java:43)
at java.base/java.lang.reflect.Method.invoke(Method.java:568)
at org.codehaus.groovy.reflection.CachedMethod.invoke(CachedMethod.java:107)
at groovy.lang.MetaMethod.doMethodInvoke(MetaMethod.java:323)
at groovy.lang.MetaClassImpl.invokeMethod(MetaClassImpl.java:1268)
at org.codehaus.groovy.runtime.ScriptBytecodeAdapter.invokeMethodOnSuperN(ScriptBytecodeAdapter.java:144)
at io.restassured.internal.ValidatableResponseImpl.spec(ValidatableResponseImpl.groovy:76)
at io.restassured.internal.ValidatableResponseImpl.spec(ValidatableResponseImpl.groovy)
at User.ProfileUpdate.ProfileUpdate_404(ProfileUpdate.java:63)
at java.base/jdk.internal.reflect.NativeMethodAccessorImpl.invoke0(Native Method)
at java.base/jdk.internal.reflect.NativeMethodAccessorImpl.invoke(NativeMethodAccessorImpl.java:77)
at java.base/jdk.internal.reflect.DelegatingMethodAccessorImpl.invoke(DelegatingMethodAccessorImpl.java:43)
at java.base/java.lang.reflect.Method.invoke(Method.java:568)
at org.testng.internal.MethodInvocationHelper.invokeMethod(MethodInvocationHelper.java:133)
at org.testng.internal.TestInvoker.invokeMethod(TestInvoker.java:598)
at org.testng.internal.TestInvoker.retryFailed(TestInvoker.java:213)
at org.testng.internal.MethodRunner.runInSequence(MethodRunner.java:58)
at org.testng.internal.TestInvoker$MethodInvocationAgent.invoke(TestInvoker.java:824)
at org.testng.internal.TestInvoker.invokeTestMethods(TestInvoker.java:146)
at org.testng.internal.TestMethodWorker.invokeTestMethods(TestMethodWorker.java:146)
at org.testng.internal.TestMethodWorker.run(TestMethodWorker.java:128)
at java.base/java.util.ArrayList.forEach(ArrayList.java:1511)
at org.testng.TestRunner.privateRun(TestRunner.java:794)
at org.testng.TestRunner.run(TestRunner.java:596)
at org.testng.SuiteRunner.runTest(SuiteRunner.java:377)
at org.testng.SuiteRunner.runSequentially(SuiteRunner.java:371)
at org.testng.SuiteRunner.privateRun(SuiteRunner.java:332)
at org.testng.SuiteRunner.run(SuiteRunner.java:276)
at org.testng.SuiteRunnerWorker.runSuite(SuiteRunnerWorker.java:53)
at org.testng.SuiteRunnerWorker.run(SuiteRunnerWorker.java:96)
at org.testng.TestNG.runSuitesSequentially(TestNG.java:1212)
at org.testng.TestNG.runSuitesLocally(TestNG.java:1134)
at org.testng.TestNG.runSuites(TestNG.java:1063)
at org.testng.TestNG.run(TestNG.java:1031)
at org.apache.maven.surefire.testng.TestNGExecutor.run(TestNGExecutor.java:281)
at org.apache.maven.surefire.testng.TestNGXmlTestSuite.execute(TestNGXmlTestSuite.java:75)
at org.apache.maven.surefire.testng.TestNGProvider.invoke(TestNGProvider.java:121)
at org.apache.maven.surefire.booter.ForkedBooter.invokeProviderInSameClassLoader(ForkedBooter.java:290)
at org.apache.maven.surefire.booter.ForkedBooter.runSuitesInProcess(ForkedBooter.java:242)
at org.apache.maven.surefire.booter.ForkedBooter.main(ForkedBooter.java:121)
]]>
            </full-stacktrace>
          </exception> <!-- java.lang.AssertionError -->
          <reporter-output>
          </reporter-output>
        </test-method> <!-- ProfileUpdate_404 -->
      </class> <!-- User.ProfileUpdate -->
    </test> <!-- Update Profile -->
    <test started-at="2022-01-17T11:33:53 WAT" name="Send Mail with Multiple attachment" finished-at="2022-01-17T11:34:16 WAT" duration-ms="22890">
      <class name="BE.SendMailwithAttachment.SendMailMultipleAttachment">
        <test-method is-config="true" signature="Waiter()[pri:0, instance:BE.SendMailwithAttachment.SendMailMultipleAttachment@16fdec90]" started-at="2022-01-17T11:33:53 WAT" name="Waiter" finished-at="2022-01-17T11:33:54 WAT" duration-ms="500" status="PASS">
          <reporter-output>
          </reporter-output>
        </test-method> <!-- Waiter -->
        <test-method is-config="true" signature="setUpConfiguration()[pri:0, instance:BE.SendMailwithAttachment.SendMailMultipleAttachment@16fdec90]" started-at="2022-01-17T11:33:54 WAT" name="setUpConfiguration" finished-at="2022-01-17T11:33:54 WAT" duration-ms="0" status="PASS">
          <reporter-output>
          </reporter-output>
        </test-method> <!-- setUpConfiguration -->
        <test-method retried="true" signature="SendMailMultipleAttachment64_400()[pri:1, instance:BE.SendMailwithAttachment.SendMailMultipleAttachment@16fdec90]" started-at="2022-01-17T11:33:54 WAT" name="SendMailMultipleAttachment64_400" finished-at="2022-01-17T11:33:57 WAT" duration-ms="3730" status="SKIP">
          <exception class="org.opentest4j.AssertionFailedError">
            <message>
              <![CDATA[expected: <400> but was: <500>]]>
            </message>
            <full-stacktrace>
              <![CDATA[org.opentest4j.AssertionFailedError: expected: <400> but was: <500>
at org.junit.jupiter.api.AssertionUtils.fail(AssertionUtils.java:55)
at org.junit.jupiter.api.AssertionUtils.failNotEqual(AssertionUtils.java:62)
at org.junit.jupiter.api.AssertEquals.assertEquals(AssertEquals.java:150)
at org.junit.jupiter.api.AssertEquals.assertEquals(AssertEquals.java:145)
at org.junit.jupiter.api.Assertions.assertEquals(Assertions.java:527)
at BE.SendMailwithAttachment.SendMailMultipleAttachment.SendMailMultipleAttachment64_400(SendMailMultipleAttachment.java:60)
at java.base/jdk.internal.reflect.NativeMethodAccessorImpl.invoke0(Native Method)
at java.base/jdk.internal.reflect.NativeMethodAccessorImpl.invoke(NativeMethodAccessorImpl.java:77)
at java.base/jdk.internal.reflect.DelegatingMethodAccessorImpl.invoke(DelegatingMethodAccessorImpl.java:43)
at java.base/java.lang.reflect.Method.invoke(Method.java:568)
at org.testng.internal.MethodInvocationHelper.invokeMethod(MethodInvocationHelper.java:133)
at org.testng.internal.TestInvoker.invokeMethod(TestInvoker.java:598)
at org.testng.internal.TestInvoker.invokeTestMethod(TestInvoker.java:173)
at org.testng.internal.MethodRunner.runInSequence(MethodRunner.java:46)
at org.testng.internal.TestInvoker$MethodInvocationAgent.invoke(TestInvoker.java:824)
at org.testng.internal.TestInvoker.invokeTestMethods(TestInvoker.java:146)
at org.testng.internal.TestMethodWorker.invokeTestMethods(TestMethodWorker.java:146)
at org.testng.internal.TestMethodWorker.run(TestMethodWorker.java:128)
at java.base/java.util.ArrayList.forEach(ArrayList.java:1511)
at org.testng.TestRunner.privateRun(TestRunner.java:794)
at org.testng.TestRunner.run(TestRunner.java:596)
at org.testng.SuiteRunner.runTest(SuiteRunner.java:377)
at org.testng.SuiteRunner.runSequentially(SuiteRunner.java:371)
at org.testng.SuiteRunner.privateRun(SuiteRunner.java:332)
at org.testng.SuiteRunner.run(SuiteRunner.java:276)
at org.testng.SuiteRunnerWorker.runSuite(SuiteRunnerWorker.java:53)
at org.testng.SuiteRunnerWorker.run(SuiteRunnerWorker.java:96)
at org.testng.TestNG.runSuitesSequentially(TestNG.java:1212)
at org.testng.TestNG.runSuitesLocally(TestNG.java:1134)
at org.testng.TestNG.runSuites(TestNG.java:1063)
at org.testng.TestNG.run(TestNG.java:1031)
at org.apache.maven.surefire.testng.TestNGExecutor.run(TestNGExecutor.java:281)
at org.apache.maven.surefire.testng.TestNGXmlTestSuite.execute(TestNGXmlTestSuite.java:75)
at org.apache.maven.surefire.testng.TestNGProvider.invoke(TestNGProvider.java:121)
at org.apache.maven.surefire.booter.ForkedBooter.invokeProviderInSameClassLoader(ForkedBooter.java:290)
at org.apache.maven.surefire.booter.ForkedBooter.runSuitesInProcess(ForkedBooter.java:242)
at org.apache.maven.surefire.booter.ForkedBooter.main(ForkedBooter.java:121)
]]>
            </full-stacktrace>
          </exception> <!-- org.opentest4j.AssertionFailedError -->
          <reporter-output>
          </reporter-output>
        </test-method> <!-- SendMailMultipleAttachment64_400 -->
        <test-method is-config="true" signature="Waiter()[pri:0, instance:BE.SendMailwithAttachment.SendMailMultipleAttachment@16fdec90]" started-at="2022-01-17T11:33:57 WAT" name="Waiter" finished-at="2022-01-17T11:33:58 WAT" duration-ms="503" status="PASS">
          <reporter-output>
          </reporter-output>
        </test-method> <!-- Waiter -->
        <test-method is-config="true" signature="setUpConfiguration()[pri:0, instance:BE.SendMailwithAttachment.SendMailMultipleAttachment@16fdec90]" started-at="2022-01-17T11:33:58 WAT" name="setUpConfiguration" finished-at="2022-01-17T11:33:58 WAT" duration-ms="1" status="PASS">
          <reporter-output>
          </reporter-output>
        </test-method> <!-- setUpConfiguration -->
        <test-method signature="SendMailMultipleAttachment64_400()[pri:1, instance:BE.SendMailwithAttachment.SendMailMultipleAttachment@16fdec90]" started-at="2022-01-17T11:33:58 WAT" name="SendMailMultipleAttachment64_400" finished-at="2022-01-17T11:34:02 WAT" duration-ms="3559" status="FAIL">
          <exception class="org.opentest4j.AssertionFailedError">
            <message>
              <![CDATA[expected: <400> but was: <500>]]>
            </message>
            <full-stacktrace>
              <![CDATA[org.opentest4j.AssertionFailedError: expected: <400> but was: <500>
at org.junit.jupiter.api.AssertionUtils.fail(AssertionUtils.java:55)
at org.junit.jupiter.api.AssertionUtils.failNotEqual(AssertionUtils.java:62)
at org.junit.jupiter.api.AssertEquals.assertEquals(AssertEquals.java:150)
at org.junit.jupiter.api.AssertEquals.assertEquals(AssertEquals.java:145)
at org.junit.jupiter.api.Assertions.assertEquals(Assertions.java:527)
at BE.SendMailwithAttachment.SendMailMultipleAttachment.SendMailMultipleAttachment64_400(SendMailMultipleAttachment.java:60)
at java.base/jdk.internal.reflect.NativeMethodAccessorImpl.invoke0(Native Method)
at java.base/jdk.internal.reflect.NativeMethodAccessorImpl.invoke(NativeMethodAccessorImpl.java:77)
at java.base/jdk.internal.reflect.DelegatingMethodAccessorImpl.invoke(DelegatingMethodAccessorImpl.java:43)
at java.base/java.lang.reflect.Method.invoke(Method.java:568)
at org.testng.internal.MethodInvocationHelper.invokeMethod(MethodInvocationHelper.java:133)
at org.testng.internal.TestInvoker.invokeMethod(TestInvoker.java:598)
at org.testng.internal.TestInvoker.retryFailed(TestInvoker.java:213)
at org.testng.internal.MethodRunner.runInSequence(MethodRunner.java:58)
at org.testng.internal.TestInvoker$MethodInvocationAgent.invoke(TestInvoker.java:824)
at org.testng.internal.TestInvoker.invokeTestMethods(TestInvoker.java:146)
at org.testng.internal.TestMethodWorker.invokeTestMethods(TestMethodWorker.java:146)
at org.testng.internal.TestMethodWorker.run(TestMethodWorker.java:128)
at java.base/java.util.ArrayList.forEach(ArrayList.java:1511)
at org.testng.TestRunner.privateRun(TestRunner.java:794)
at org.testng.TestRunner.run(TestRunner.java:596)
at org.testng.SuiteRunner.runTest(SuiteRunner.java:377)
at org.testng.SuiteRunner.runSequentially(SuiteRunner.java:371)
at org.testng.SuiteRunner.privateRun(SuiteRunner.java:332)
at org.testng.SuiteRunner.run(SuiteRunner.java:276)
at org.testng.SuiteRunnerWorker.runSuite(SuiteRunnerWorker.java:53)
at org.testng.SuiteRunnerWorker.run(SuiteRunnerWorker.java:96)
at org.testng.TestNG.runSuitesSequentially(TestNG.java:1212)
at org.testng.TestNG.runSuitesLocally(TestNG.java:1134)
at org.testng.TestNG.runSuites(TestNG.java:1063)
at org.testng.TestNG.run(TestNG.java:1031)
at org.apache.maven.surefire.testng.TestNGExecutor.run(TestNGExecutor.java:281)
at org.apache.maven.surefire.testng.TestNGXmlTestSuite.execute(TestNGXmlTestSuite.java:75)
at org.apache.maven.surefire.testng.TestNGProvider.invoke(TestNGProvider.java:121)
at org.apache.maven.surefire.booter.ForkedBooter.invokeProviderInSameClassLoader(ForkedBooter.java:290)
at org.apache.maven.surefire.booter.ForkedBooter.runSuitesInProcess(ForkedBooter.java:242)
at org.apache.maven.surefire.booter.ForkedBooter.main(ForkedBooter.java:121)
]]>
            </full-stacktrace>
          </exception> <!-- org.opentest4j.AssertionFailedError -->
          <reporter-output>
          </reporter-output>
        </test-method> <!-- SendMailMultipleAttachment64_400 -->
        <test-method is-config="true" signature="Waiter()[pri:0, instance:BE.SendMailwithAttachment.SendMailMultipleAttachment@16fdec90]" started-at="2022-01-17T11:34:02 WAT" name="Waiter" finished-at="2022-01-17T11:34:02 WAT" duration-ms="513" status="PASS">
          <reporter-output>
          </reporter-output>
        </test-method> <!-- Waiter -->
        <test-method is-config="true" signature="setUpConfiguration()[pri:0, instance:BE.SendMailwithAttachment.SendMailMultipleAttachment@16fdec90]" started-at="2022-01-17T11:34:02 WAT" name="setUpConfiguration" finished-at="2022-01-17T11:34:02 WAT" duration-ms="0" status="PASS">
          <reporter-output>
          </reporter-output>
        </test-method> <!-- setUpConfiguration -->
        <test-method signature="SendMailMultipleAttachment64_200()[pri:2, instance:BE.SendMailwithAttachment.SendMailMultipleAttachment@16fdec90]" started-at="2022-01-17T11:34:02 WAT" name="SendMailMultipleAttachment64_200" finished-at="2022-01-17T11:34:14 WAT" duration-ms="12017" status="PASS">
          <reporter-output>
          </reporter-output>
        </test-method> <!-- SendMailMultipleAttachment64_200 -->
        <test-method is-config="true" signature="ClearMailBox()[pri:0, instance:BE.SendMailwithAttachment.SendMailMultipleAttachment@16fdec90]" started-at="2022-01-17T11:34:14 WAT" name="ClearMailBox" finished-at="2022-01-17T11:34:16 WAT" duration-ms="1922" status="PASS">
          <reporter-output>
          </reporter-output>
        </test-method> <!-- ClearMailBox -->
      </class> <!-- BE.SendMailwithAttachment.SendMailMultipleAttachment -->
    </test> <!-- Send Mail with Multiple attachment -->
  </suite> <!-- Ebanqo Main BackEnd -->
</testng-results>
