-------------------------------------------------------------------------------
Test set: TestSuite
-------------------------------------------------------------------------------
Tests run: 243, Failures: 17, Errors: 0, Skipped: 17, Time elapsed: 1,076.957 sec <<< FAILURE! - in TestSuite
ActivateTeam_200(Collection.AutoAssign.ActivateTeam)  Time elapsed: 5.38 sec  <<< FAILURE!
java.lang.AssertionError: 
2 expectations failed.
Expected status code <200> but was <500>.

Expected status line "HTTP/1.1 200 OK" doesn't match actual status line "HTTP/1.1 500 Internal Server Error".

	at Collection.AutoAssign.ActivateTeam.ActivateTeam_200(ActivateTeam.java:27)

UpdateTeam_200(Collection.AutoAssign.UpdateTeam)  Time elapsed: 3.873 sec  <<< FAILURE!
java.lang.AssertionError: 
2 expectations failed.
Expected status code <200> but was <500>.

Expected status line "HTTP/1.1 200 OK" doesn't match actual status line "HTTP/1.1 500 Internal Server Error".

	at Collection.AutoAssign.UpdateTeam.UpdateTeam_200(UpdateTeam.java:26)

Accept_User_Chat_Support_200(Collection.Accept_User_Chat_Support)  Time elapsed: 3.738 sec  <<< FAILURE!
java.lang.AssertionError: 
3 expectations failed.
Expected status code <200> but was <404>.

Expected status line "HTTP/1.1 200 OK" doesn't match actual status line "HTTP/1.1 404 Not Found".

Expected content-type "JSON" doesn't match actual content-type "text/html; charset=utf-8".

	at Collection.Accept_User_Chat_Support.Accept_User_Chat_Support_200(Accept_User_Chat_Support.java:24)

Add_User_To_Queue_200(Collection.Add_User_To_Queue)  Time elapsed: 4.872 sec  <<< FAILURE!
java.lang.AssertionError: 
2 expectations failed.
Expected status code <200> but was <403>.

Expected status line "HTTP/1.1 200 OK" doesn't match actual status line "HTTP/1.1 403 Forbidden".

	at Collection.Add_User_To_Queue.Add_User_To_Queue_200(Add_User_To_Queue.java:25)

Create_KnowledgeBase_200(Collection.Create_KnowledgeBase)  Time elapsed: 63.932 sec  <<< FAILURE!
java.lang.AssertionError: 
4 expectations failed.
Expected status code <200> but was <504>.

Expected status line "HTTP/1.1 200 OK" doesn't match actual status line "HTTP/1.1 504 Gateway Time-out".

Expected content-type "JSON" doesn't match actual content-type "text/html".

Expected response time was not a value less than <15L> seconds, was 61537 milliseconds (61 seconds).
	at Collection.Create_KnowledgeBase.Create_KnowledgeBase_200(Create_KnowledgeBase.java:26)

CreateUser_409(Collection.CreateUser)  Time elapsed: 4.169 sec  <<< FAILURE!
java.lang.AssertionError: 
2 expectations failed.
Expected status code <409> but was <200>.

Expected status line "HTTP/1.1 400 Bad Request" doesn't match actual status line "HTTP/1.1 200 OK".

	at Collection.CreateUser.CreateUser_409(CreateUser.java:68)

End_Support_Chat_200(Collection.End_Support_Chat)  Time elapsed: 4.672 sec  <<< FAILURE!
java.lang.AssertionError: 
2 expectations failed.
Expected status code <200> but was <400>.

Expected status line "HTTP/1.1 200 OK" doesn't match actual status line "HTTP/1.1 400 Bad Request".

	at Collection.End_Support_Chat.End_Support_Chat_200(End_Support_Chat.java:24)

Get_WebChat_Last_Session_400(Collection.Get_WebChat_Last_Session)  Time elapsed: 4.063 sec  <<< FAILURE!
java.lang.AssertionError: 
2 expectations failed.
Expected status code <400> but was <500>.

Expected status line "HTTP/1.1 400 Bad Request" doesn't match actual status line "HTTP/1.1 500 Internal Server Error".

	at Collection.Get_WebChat_Last_Session.Get_WebChat_Last_Session_400(Get_WebChat_Last_Session.java:52)

GetIntent_200(Collection.GetSessionArchive)  Time elapsed: 4.057 sec  <<< FAILURE!
java.lang.AssertionError: 
2 expectations failed.
Expected status code <200> but was <400>.

Expected status line "HTTP/1.1 200 OK" doesn't match actual status line "HTTP/1.1 400 Bad Request".

	at Collection.GetSessionArchive.GetIntent_200(GetSessionArchive.java:23)

GetUser_By_Latest_Message_Enrolled_404(Collection.GetUser_By_Latest_Message_Enrolled)  Time elapsed: 4.176 sec  <<< FAILURE!
org.opentest4j.AssertionFailedError: expected: <400> but was: <404>
	at Collection.GetUser_By_Latest_Message_Enrolled.GetUser_By_Latest_Message_Enrolled_404(GetUser_By_Latest_Message_Enrolled.java:82)

GetUserInfo_200(Collection.GetUserInfo)  Time elapsed: 3.851 sec  <<< FAILURE!
java.lang.AssertionError: 
2 expectations failed.
Expected status code <200> but was <400>.

Expected status line "HTTP/1.1 200 OK" doesn't match actual status line "HTTP/1.1 400 Bad Request".

	at Collection.GetUserInfo.GetUserInfo_200(GetUserInfo.java:32)

GetUser_By_Latest_Message_Not_Enrolled_404(Collection.GetUsers_By_Latest_Messages_Not_Enrolled)  Time elapsed: 4.34 sec  <<< FAILURE!
org.opentest4j.AssertionFailedError: expected: <400> but was: <404>
	at Collection.GetUsers_By_Latest_Messages_Not_Enrolled.GetUser_By_Latest_Message_Not_Enrolled_404(GetUsers_By_Latest_Messages_Not_Enrolled.java:84)

GetUserSessionWebhook_400(Collection.GetUserSessionWebhook)  Time elapsed: 4.248 sec  <<< FAILURE!
org.opentest4j.AssertionFailedError: expected: <400> but was: <404>
	at Collection.GetUserSessionWebhook.GetUserSessionWebhook_400(GetUserSessionWebhook.java:54)

Send_Message_Support_200(Collection.Send_Message_Support)  Time elapsed: 4.057 sec  <<< FAILURE!
java.lang.AssertionError: 
3 expectations failed.
Expected status code <200> but was <404>.

Expected status line "HTTP/1.1 200 OK" doesn't match actual status line "HTTP/1.1 404 Not Found".

Expected content-type "JSON" doesn't match actual content-type "text/html; charset=utf-8".

	at Collection.Send_Message_Support.Send_Message_Support_200(Send_Message_Support.java:24)

TriggerIntent_Client_200(Collection.TriggerIntent_Client)  Time elapsed: 24.676 sec  <<< FAILURE!
java.lang.AssertionError: 
2 expectations failed.
Expected status code <200> but was <400>.

Expected status line "HTTP/1.1 200 OK" doesn't match actual status line "HTTP/1.1 400 Bad Request".

	at Collection.TriggerIntent_Client.TriggerIntent_Client_200(TriggerIntent_Client.java:27)

UpdateUserArchive_200(Collection.UpdateUserArchive)  Time elapsed: 3.678 sec  <<< FAILURE!
java.lang.AssertionError: 
2 expectations failed.
Expected status code <200> but was <400>.

Expected status line "HTTP/1.1 200 OK" doesn't match actual status line "HTTP/1.1 400 Bad Request".

	at Collection.UpdateUserArchive.UpdateUserArchive_200(UpdateUserArchive.java:25)

WebChatMessageHistory_400(Collection.WebChatMessageHistory)  Time elapsed: 4.244 sec  <<< FAILURE!
java.lang.AssertionError: 
2 expectations failed.
Expected status code <400> but was <500>.

Expected status line "HTTP/1.1 400 Bad Request" doesn't match actual status line "HTTP/1.1 500 Internal Server Error".

	at Collection.WebChatMessageHistory.WebChatMessageHistory_400(WebChatMessageHistory.java:53)

