<?xml version="1.0" encoding="UTF-8"?>
<!-- Generated by org.testng.reporters.JUnitReportReporter -->
<testsuite hostname="ennymax" failures="1" tests="3" name="BE.SendMailwithAttachment.SendMailMultipleAttachment" time="20.823" errors="0" timestamp="2022-01-17T11:34:16 WAT" skipped="1">
  <testcase classname="BE.SendMailwithAttachment.SendMailMultipleAttachment" name="SendMailMultipleAttachment64_400" time="4.060">
    <failure message="expected: &lt;400&gt; but was: &lt;500&gt;" type="org.opentest4j.AssertionFailedError">
      <![CDATA[org.opentest4j.AssertionFailedError: expected: <400> but was: <500>
at org.junit.jupiter.api.AssertionUtils.fail(AssertionUtils.java:55)
at org.junit.jupiter.api.AssertionUtils.failNotEqual(AssertionUtils.java:62)
at org.junit.jupiter.api.AssertEquals.assertEquals(AssertEquals.java:150)
at org.junit.jupiter.api.AssertEquals.assertEquals(AssertEquals.java:145)
at org.junit.jupiter.api.Assertions.assertEquals(Assertions.java:527)
at BE.SendMailwithAttachment.SendMailMultipleAttachment.SendMailMultipleAttachment64_400(SendMailMultipleAttachment.java:60)
at java.base/jdk.internal.reflect.NativeMethodAccessorImpl.invoke0(Native Method)
at java.base/jdk.internal.reflect.NativeMethodAccessorImpl.invoke(NativeMethodAccessorImpl.java:77)
at java.base/jdk.internal.reflect.DelegatingMethodAccessorImpl.invoke(DelegatingMethodAccessorImpl.java:43)
at java.base/java.lang.reflect.Method.invoke(Method.java:568)
at org.testng.internal.MethodInvocationHelper.invokeMethod(MethodInvocationHelper.java:133)
at org.testng.internal.TestInvoker.invokeMethod(TestInvoker.java:598)
at org.testng.internal.TestInvoker.retryFailed(TestInvoker.java:213)
at org.testng.internal.MethodRunner.runInSequence(MethodRunner.java:58)
at org.testng.internal.TestInvoker$MethodInvocationAgent.invoke(TestInvoker.java:824)
at org.testng.internal.TestInvoker.invokeTestMethods(TestInvoker.java:146)
at org.testng.internal.TestMethodWorker.invokeTestMethods(TestMethodWorker.java:146)
at org.testng.internal.TestMethodWorker.run(TestMethodWorker.java:128)
at java.base/java.util.ArrayList.forEach(ArrayList.java:1511)
at org.testng.TestRunner.privateRun(TestRunner.java:794)
at org.testng.TestRunner.run(TestRunner.java:596)
at org.testng.SuiteRunner.runTest(SuiteRunner.java:377)
at org.testng.SuiteRunner.runSequentially(SuiteRunner.java:371)
at org.testng.SuiteRunner.privateRun(SuiteRunner.java:332)
at org.testng.SuiteRunner.run(SuiteRunner.java:276)
at org.testng.SuiteRunnerWorker.runSuite(SuiteRunnerWorker.java:53)
at org.testng.SuiteRunnerWorker.run(SuiteRunnerWorker.java:96)
at org.testng.TestNG.runSuitesSequentially(TestNG.java:1212)
at org.testng.TestNG.runSuitesLocally(TestNG.java:1134)
at org.testng.TestNG.runSuites(TestNG.java:1063)
at org.testng.TestNG.run(TestNG.java:1031)
at org.apache.maven.surefire.testng.TestNGExecutor.run(TestNGExecutor.java:281)
at org.apache.maven.surefire.testng.TestNGXmlTestSuite.execute(TestNGXmlTestSuite.java:75)
at org.apache.maven.surefire.testng.TestNGProvider.invoke(TestNGProvider.java:121)
at org.apache.maven.surefire.booter.ForkedBooter.invokeProviderInSameClassLoader(ForkedBooter.java:290)
at org.apache.maven.surefire.booter.ForkedBooter.runSuitesInProcess(ForkedBooter.java:242)
at org.apache.maven.surefire.booter.ForkedBooter.main(ForkedBooter.java:121)
]]>
    </failure>
  </testcase> <!-- SendMailMultipleAttachment64_400 -->
  <system-out/>
  <testcase classname="BE.SendMailwithAttachment.SendMailMultipleAttachment" name="SendMailMultipleAttachment64_400" time="4.233">
    <skipped/>
  </testcase> <!-- SendMailMultipleAttachment64_400 -->
  <system-out/>
  <testcase classname="BE.SendMailwithAttachment.SendMailMultipleAttachment" name="SendMailMultipleAttachment64_200" time="12.530"/>
  <system-out/>
</testsuite> <!-- BE.SendMailwithAttachment.SendMailMultipleAttachment -->
