<?xml version="1.0" encoding="UTF-8"?>
<!-- Generated by org.testng.reporters.JUnitReportReporter -->
<testsuite hostname="ennymax" failures="0" tests="2" name="Report.GetDailyFailedBotSession" time="29.612" errors="0" timestamp="2022-01-17T11:34:16 WAT" skipped="0">
  <testcase classname="Report.GetDailyFailedBotSession" name="GetDailyFailedBotSession_401" time="1.731"/>
  <system-out/>
  <testcase classname="Report.GetDailyFailedBotSession" name="GetDailyFailedBotSession_200" time="27.881"/>
  <system-out/>
</testsuite> <!-- Report.GetDailyFailedBotSession -->
